[23:45:06 Microsoft.EntityFrameworkCore.Model.Validation [Warning] No store type was specified for the decimal property '"CurrentTotalAmount"' on entity type '"Transaction"'. This will cause values to be silently truncated if they do not fit in the default precision and scale. Explicitly specify the SQL server column type that can accommodate all the values in 'OnModelCreating' using 'HasColumnType', specify precision and scale using 'HasPrecision', or configure a value converter using 'HasConversion'.
[23:45:06 Microsoft.EntityFrameworkCore.Model.Validation [Warning] No store type was specified for the decimal property '"TransactionAmount"' on entity type '"Transaction"'. This will cause values to be silently truncated if they do not fit in the default precision and scale. Explicitly specify the SQL server column type that can accommodate all the values in 'OnModelCreating' using 'HasColumnType', specify precision and scale using 'HasPrecision', or configure a value converter using 'HasConversion'.
[23:45:06 Microsoft.EntityFrameworkCore.Infrastructure [Information] Entity Framework Core "6.0.6" initialized '"AppDBContext"' using provider '"Microsoft.EntityFrameworkCore.SqlServer":"6.0.6"' with options: "None"
[23:45:06 Microsoft.EntityFrameworkCore.Model.Validation [Warning] No store type was specified for the decimal property '"CurrentTotalAmount"' on entity type '"Transaction"'. This will cause values to be silently truncated if they do not fit in the default precision and scale. Explicitly specify the SQL server column type that can accommodate all the values in 'OnModelCreating' using 'HasColumnType', specify precision and scale using 'HasPrecision', or configure a value converter using 'HasConversion'.
[23:45:06 Microsoft.EntityFrameworkCore.Model.Validation [Warning] No store type was specified for the decimal property '"TransactionAmount"' on entity type '"Transaction"'. This will cause values to be silently truncated if they do not fit in the default precision and scale. Explicitly specify the SQL server column type that can accommodate all the values in 'OnModelCreating' using 'HasColumnType', specify precision and scale using 'HasPrecision', or configure a value converter using 'HasConversion'.
[23:45:18 Microsoft.EntityFrameworkCore.Model.Validation [Warning] No store type was specified for the decimal property '"CurrentTotalAmount"' on entity type '"Transaction"'. This will cause values to be silently truncated if they do not fit in the default precision and scale. Explicitly specify the SQL server column type that can accommodate all the values in 'OnModelCreating' using 'HasColumnType', specify precision and scale using 'HasPrecision', or configure a value converter using 'HasConversion'.
[23:45:18 Microsoft.EntityFrameworkCore.Model.Validation [Warning] No store type was specified for the decimal property '"TransactionAmount"' on entity type '"Transaction"'. This will cause values to be silently truncated if they do not fit in the default precision and scale. Explicitly specify the SQL server column type that can accommodate all the values in 'OnModelCreating' using 'HasColumnType', specify precision and scale using 'HasPrecision', or configure a value converter using 'HasConversion'.
[23:45:18 Microsoft.EntityFrameworkCore.Infrastructure [Information] Entity Framework Core "6.0.6" initialized '"AppDBContext"' using provider '"Microsoft.EntityFrameworkCore.SqlServer":"6.0.6"' with options: "None"
[23:45:19 Microsoft.EntityFrameworkCore.Model.Validation [Warning] No store type was specified for the decimal property '"CurrentTotalAmount"' on entity type '"Transaction"'. This will cause values to be silently truncated if they do not fit in the default precision and scale. Explicitly specify the SQL server column type that can accommodate all the values in 'OnModelCreating' using 'HasColumnType', specify precision and scale using 'HasPrecision', or configure a value converter using 'HasConversion'.
[23:45:19 Microsoft.EntityFrameworkCore.Model.Validation [Warning] No store type was specified for the decimal property '"TransactionAmount"' on entity type '"Transaction"'. This will cause values to be silently truncated if they do not fit in the default precision and scale. Explicitly specify the SQL server column type that can accommodate all the values in 'OnModelCreating' using 'HasColumnType', specify precision and scale using 'HasPrecision', or configure a value converter using 'HasConversion'.
[23:45:19 Microsoft.EntityFrameworkCore.Database.Command [Information] Executed DbCommand ("315"ms) [Parameters=[""], CommandType='Text', CommandTimeout='60']"
""CREATE DATABASE [Transactions];"
[23:45:19 Microsoft.EntityFrameworkCore.Database.Command [Information] Executed DbCommand ("124"ms) [Parameters=[""], CommandType='Text', CommandTimeout='60']"
""IF SERVERPROPERTY('EngineEdition') <> 5
BEGIN
    ALTER DATABASE [Transactions] SET READ_COMMITTED_SNAPSHOT ON;
END;"
[23:45:19 Microsoft.EntityFrameworkCore.Database.Command [Information] Executed DbCommand ("5"ms) [Parameters=[""], CommandType='Text', CommandTimeout='30']"
""SELECT 1"
[23:45:19 Microsoft.EntityFrameworkCore.Database.Command [Information] Executed DbCommand ("9"ms) [Parameters=[""], CommandType='Text', CommandTimeout='30']"
""CREATE TABLE [__EFMigrationsHistory] (
    [MigrationId] nvarchar(150) NOT NULL,
    [ProductVersion] nvarchar(32) NOT NULL,
    CONSTRAINT [PK___EFMigrationsHistory] PRIMARY KEY ([MigrationId])
);"
[23:45:19 Microsoft.EntityFrameworkCore.Database.Command [Information] Executed DbCommand ("1"ms) [Parameters=[""], CommandType='Text', CommandTimeout='30']"
""SELECT 1"
[23:45:19 Microsoft.EntityFrameworkCore.Database.Command [Information] Executed DbCommand ("14"ms) [Parameters=[""], CommandType='Text', CommandTimeout='30']"
""SELECT OBJECT_ID(N'[__EFMigrationsHistory]');"
[23:45:19 Microsoft.EntityFrameworkCore.Database.Command [Information] Executed DbCommand ("3"ms) [Parameters=[""], CommandType='Text', CommandTimeout='30']"
""SELECT [MigrationId], [ProductVersion]
FROM [__EFMigrationsHistory]
ORDER BY [MigrationId];"
[23:45:19 Microsoft.EntityFrameworkCore.Migrations [Information] Applying migration '"20220710181506_TransactionsDB"'.
[23:45:19 Microsoft.EntityFrameworkCore.Database.Command [Information] Executed DbCommand ("5"ms) [Parameters=[""], CommandType='Text', CommandTimeout='30']"
""CREATE TABLE [Transactions] (
    [Id] int NOT NULL IDENTITY,
    [AccountNumber] nvarchar(max) NOT NULL,
    [TransactionAmount] decimal(18,2) NOT NULL,
    [CurrentTotalAmount] decimal(18,2) NOT NULL,
    [TransactionStatus] int NOT NULL,
    [TransactionDescription] nvarchar(100) NOT NULL,
    [TransactionType] int NOT NULL,
    [TransactionDate] datetime2 NOT NULL,
    CONSTRAINT [PK_Transactions] PRIMARY KEY ([Id])
);"
[23:45:19 Microsoft.EntityFrameworkCore.Database.Command [Information] Executed DbCommand ("3"ms) [Parameters=[""], CommandType='Text', CommandTimeout='30']"
""INSERT INTO [__EFMigrationsHistory] ([MigrationId], [ProductVersion])
VALUES (N'20220710181506_TransactionsDB', N'6.0.6');"
[23:47:20 Microsoft.Hosting.Lifetime [Information] Application started. Press Ctrl+C to shut down.
[23:47:20 Microsoft.AspNetCore.Hosting.Diagnostics [Information] Request starting HTTP/1.1 GET http://localhost:64332/swagger - -
[23:47:20 Microsoft.Hosting.Lifetime [Information] Hosting environment: "Development"
[23:47:20 Microsoft.Hosting.Lifetime [Information] Content root path: "C:\Users\manasa\source\repos\CGI\Transactions\Transactions.API\"
[23:47:20 Microsoft.AspNetCore.Hosting.Diagnostics [Information] Request starting HTTP/1.1 GET http://localhost:64332/swagger/index.html - -
[23:47:20 Microsoft.AspNetCore.Hosting.Diagnostics [Information] Request finished HTTP/1.1 GET http://localhost:64332/swagger - - - 301 - - 423.4602ms
[23:47:21 Microsoft.AspNetCore.Hosting.Diagnostics [Information] Request starting HTTP/1.1 GET http://localhost:64332/swagger/swagger-ui.css - -
[23:47:21 Microsoft.AspNetCore.Hosting.Diagnostics [Information] Request starting HTTP/1.1 GET http://localhost:64332/swagger/swagger-ui-bundle.js - -
[23:47:21 Microsoft.AspNetCore.Hosting.Diagnostics [Information] Request starting HTTP/1.1 GET http://localhost:64332/swagger/swagger-ui-standalone-preset.js - -
[23:47:21 Microsoft.AspNetCore.Hosting.Diagnostics [Information] Request starting HTTP/1.1 GET http://localhost:64332/_framework/aspnetcore-browser-refresh.js - -
[23:47:21 Microsoft.AspNetCore.Hosting.Diagnostics [Information] Request finished HTTP/1.1 GET http://localhost:64332/swagger/index.html - - - 200 - text/html;charset=utf-8 908.1421ms
[23:47:21 Microsoft.AspNetCore.Hosting.Diagnostics [Information] Request finished HTTP/1.1 GET http://localhost:64332/_framework/aspnetcore-browser-refresh.js - - - 200 11990 application/javascript;+charset=utf-8 37.6072ms
[23:47:21 Microsoft.AspNetCore.StaticFiles.StaticFileMiddleware [Information] Sending file. Request path: '"/swagger-ui-standalone-preset.js"'. Physical path: '"N/A"'
[23:47:21 Microsoft.AspNetCore.StaticFiles.StaticFileMiddleware [Information] Sending file. Request path: '"/swagger-ui.css"'. Physical path: '"N/A"'
[23:47:21 Microsoft.AspNetCore.StaticFiles.StaticFileMiddleware [Information] Sending file. Request path: '"/swagger-ui-bundle.js"'. Physical path: '"N/A"'
[23:47:21 Microsoft.AspNetCore.Hosting.Diagnostics [Information] Request finished HTTP/1.1 GET http://localhost:64332/swagger/swagger-ui.css - - - 200 143632 text/css 119.4464ms
[23:47:21 Microsoft.AspNetCore.Hosting.Diagnostics [Information] Request finished HTTP/1.1 GET http://localhost:64332/swagger/swagger-ui-standalone-preset.js - - - 200 337162 application/javascript 123.8656ms
[23:47:21 Microsoft.AspNetCore.Hosting.Diagnostics [Information] Request finished HTTP/1.1 GET http://localhost:64332/swagger/swagger-ui-bundle.js - - - 200 1092889 application/javascript 166.2271ms
[23:47:21 Microsoft.AspNetCore.Hosting.Diagnostics [Information] Request starting HTTP/1.1 GET http://localhost:64332/swagger/v1/swagger.json - -
[23:47:21 Microsoft.AspNetCore.Hosting.Diagnostics [Information] Request starting HTTP/1.1 GET http://localhost:64332/swagger/favicon-32x32.png - -
[23:47:21 Microsoft.AspNetCore.StaticFiles.StaticFileMiddleware [Information] Sending file. Request path: '"/favicon-32x32.png"'. Physical path: '"N/A"'
[23:47:21 Microsoft.AspNetCore.Hosting.Diagnostics [Information] Request finished HTTP/1.1 GET http://localhost:64332/swagger/favicon-32x32.png - - - 200 628 image/png 2.0148ms
[23:47:22 Microsoft.AspNetCore.Hosting.Diagnostics [Information] Request finished HTTP/1.1 GET http://localhost:64332/swagger/v1/swagger.json - - - 200 - application/json;charset=utf-8 356.4689ms
[23:50:05 Microsoft.AspNetCore.Hosting.Diagnostics [Information] Request starting HTTP/1.1 POST http://localhost:64332/api/Transactions application/json 230
[23:50:05 Microsoft.AspNetCore.Cors.Infrastructure.CorsService [Information] CORS policy execution successful.
[23:50:05 Microsoft.AspNetCore.Routing.EndpointMiddleware [Information] Executing endpoint '"Transactions.API.Controllers.TransactionsController.Post (Transactions.API)"'
[23:50:05 Microsoft.AspNetCore.Mvc.Infrastructure.ControllerActionInvoker [Information] Route matched with "{action = \"Post\", controller = \"Transactions\"}". Executing controller action with signature "System.Threading.Tasks.Task`1[Microsoft.AspNetCore.Mvc.IActionResult] Post(Transactions.Core.Models.Transaction)" on controller "Transactions.API.Controllers.TransactionsController" ("Transactions.API").
[23:54:23 Microsoft.EntityFrameworkCore.Model.Validation [Warning] No store type was specified for the decimal property '"CurrentTotalAmount"' on entity type '"Transaction"'. This will cause values to be silently truncated if they do not fit in the default precision and scale. Explicitly specify the SQL server column type that can accommodate all the values in 'OnModelCreating' using 'HasColumnType', specify precision and scale using 'HasPrecision', or configure a value converter using 'HasConversion'.
[23:54:23 Microsoft.EntityFrameworkCore.Model.Validation [Warning] No store type was specified for the decimal property '"TransactionAmount"' on entity type '"Transaction"'. This will cause values to be silently truncated if they do not fit in the default precision and scale. Explicitly specify the SQL server column type that can accommodate all the values in 'OnModelCreating' using 'HasColumnType', specify precision and scale using 'HasPrecision', or configure a value converter using 'HasConversion'.
[23:54:24 Microsoft.EntityFrameworkCore.Infrastructure [Information] Entity Framework Core "6.0.6" initialized '"AppDBContext"' using provider '"Microsoft.EntityFrameworkCore.SqlServer":"6.0.6"' with options: "None"
[23:54:27 Microsoft.EntityFrameworkCore.Database.Command [Information] Executed DbCommand ("78"ms) [Parameters=["@p0='?' (Size = 4000), @p1='?' (Precision = 18) (Scale = 2) (DbType = Decimal), @p2='?' (Precision = 18) (Scale = 2) (DbType = Decimal), @p3='?' (DbType = DateTime2), @p4='?' (Size = 100), @p5='?' (DbType = Int32), @p6='?' (DbType = Int32)"], CommandType='Text', CommandTimeout='30']"
""SET NOCOUNT ON;
INSERT INTO [Transactions] ([AccountNumber], [CurrentTotalAmount], [TransactionAmount], [TransactionDate], [TransactionDescription], [TransactionStatus], [TransactionType])
VALUES (@p0, @p1, @p2, @p3, @p4, @p5, @p6);
SELECT [Id]
FROM [Transactions]
WHERE @@ROWCOUNT = 1 AND [Id] = scope_identity();"
[23:54:52 Microsoft.AspNetCore.Mvc.Infrastructure.ObjectResultExecutor [Information] Executing "OkObjectResult", writing value of type '"System.Boolean"'.
[23:54:52 Microsoft.AspNetCore.Mvc.Infrastructure.ControllerActionInvoker [Information] Executed action "Transactions.API.Controllers.TransactionsController.Post (Transactions.API)" in 286280.0513ms
[23:54:52 Microsoft.AspNetCore.Routing.EndpointMiddleware [Information] Executed endpoint '"Transactions.API.Controllers.TransactionsController.Post (Transactions.API)"'
[23:54:52 Microsoft.AspNetCore.Hosting.Diagnostics [Information] Request finished HTTP/1.1 POST http://localhost:64332/api/Transactions application/json 230 - 200 - application/json;+charset=utf-8 286418.3914ms
[23:55:55 Microsoft.AspNetCore.Hosting.Diagnostics [Information] Request starting HTTP/1.1 GET http://localhost:64332/api/Transactions - -
[23:55:55 Microsoft.AspNetCore.Routing.EndpointMiddleware [Information] Executing endpoint '"Transactions.API.Controllers.TransactionsController.Get (Transactions.API)"'
[23:55:55 Microsoft.AspNetCore.Mvc.Infrastructure.ControllerActionInvoker [Information] Route matched with "{action = \"Get\", controller = \"Transactions\"}". Executing controller action with signature "System.Collections.Generic.IEnumerable`1[System.String] Get()" on controller "Transactions.API.Controllers.TransactionsController" ("Transactions.API").
[23:55:55 Microsoft.AspNetCore.Mvc.Infrastructure.ObjectResultExecutor [Information] Executing "ObjectResult", writing value of type '"System.String[]"'.
[23:55:55 Microsoft.AspNetCore.Mvc.Infrastructure.ControllerActionInvoker [Information] Executed action "Transactions.API.Controllers.TransactionsController.Get (Transactions.API)" in 9.0122ms
[23:55:55 Microsoft.AspNetCore.Routing.EndpointMiddleware [Information] Executed endpoint '"Transactions.API.Controllers.TransactionsController.Get (Transactions.API)"'
[23:55:55 Microsoft.AspNetCore.Hosting.Diagnostics [Information] Request finished HTTP/1.1 GET http://localhost:64332/api/Transactions - - - 200 - application/json;+charset=utf-8 58.8080ms
[23:56:30 Microsoft.AspNetCore.Hosting.Diagnostics [Information] Request starting HTTP/1.1 GET http://localhost:64332/api/Transactions/8966382431 - -
[23:56:30 Microsoft.AspNetCore.Routing.EndpointMiddleware [Information] Executing endpoint '"Transactions.API.Controllers.TransactionsController.Get (Transactions.API)"'
[23:56:30 Microsoft.AspNetCore.Mvc.Infrastructure.ControllerActionInvoker [Information] Route matched with "{action = \"Get\", controller = \"Transactions\"}". Executing controller action with signature "System.Threading.Tasks.Task`1[Microsoft.AspNetCore.Mvc.IActionResult] Get(System.String)" on controller "Transactions.API.Controllers.TransactionsController" ("Transactions.API").
[23:56:31 Microsoft.EntityFrameworkCore.Infrastructure [Information] Entity Framework Core "6.0.6" initialized '"AppDBContext"' using provider '"Microsoft.EntityFrameworkCore.SqlServer":"6.0.6"' with options: "None"
[23:56:31 Microsoft.EntityFrameworkCore.Database.Command [Information] Executed DbCommand ("12"ms) [Parameters=["@__accountNumber_0='?' (Size = 4000)"], CommandType='Text', CommandTimeout='30']"
""SELECT [t].[Id], [t].[AccountNumber], [t].[CurrentTotalAmount], [t].[TransactionAmount], [t].[TransactionDate], [t].[TransactionDescription], [t].[TransactionStatus], [t].[TransactionType]
FROM [Transactions] AS [t]
WHERE [t].[AccountNumber] = @__accountNumber_0"
[23:56:31 Microsoft.AspNetCore.Mvc.Infrastructure.ObjectResultExecutor [Information] Executing "OkObjectResult", writing value of type '"System.Collections.Generic.List`1[[Transactions.Core.Models.Transaction, Transactions.Core, Version=1.0.0.0, Culture=neutral, PublicKeyToken=null]]"'.
[23:56:31 Microsoft.AspNetCore.Mvc.Infrastructure.ControllerActionInvoker [Information] Executed action "Transactions.API.Controllers.TransactionsController.Get (Transactions.API)" in 557.8669ms
[23:56:31 Microsoft.AspNetCore.Routing.EndpointMiddleware [Information] Executed endpoint '"Transactions.API.Controllers.TransactionsController.Get (Transactions.API)"'
[23:56:31 Microsoft.AspNetCore.Hosting.Diagnostics [Information] Request finished HTTP/1.1 GET http://localhost:64332/api/Transactions/8966382431 - - - 200 - application/json;+charset=utf-8 574.3728ms
[23:57:53 Microsoft.Hosting.Lifetime [Information] Application started. Press Ctrl+C to shut down.
[23:57:53 Microsoft.AspNetCore.Hosting.Diagnostics [Information] Request starting HTTP/1.1 GET http://localhost:64332/swagger/index.html - -
[23:57:53 Microsoft.Hosting.Lifetime [Information] Hosting environment: "Development"
[23:57:53 Microsoft.Hosting.Lifetime [Information] Content root path: "C:\Users\manasa\source\repos\CGI\Transactions\Transactions.API\"
[23:57:54 Microsoft.AspNetCore.Hosting.Diagnostics [Information] Request starting HTTP/1.1 GET http://localhost:64332/_framework/aspnetcore-browser-refresh.js - -
[23:57:54 Microsoft.AspNetCore.Hosting.Diagnostics [Information] Request finished HTTP/1.1 GET http://localhost:64332/swagger/index.html - - - 200 - text/html;charset=utf-8 356.4615ms
[23:57:54 Microsoft.AspNetCore.Hosting.Diagnostics [Information] Request finished HTTP/1.1 GET http://localhost:64332/_framework/aspnetcore-browser-refresh.js - - - 200 11990 application/javascript;+charset=utf-8 8.7634ms
[23:57:54 Microsoft.AspNetCore.Hosting.Diagnostics [Information] Request starting HTTP/1.1 GET http://localhost:64332/swagger/v1/swagger.json - -
[23:57:54 Microsoft.AspNetCore.Hosting.Diagnostics [Information] Request finished HTTP/1.1 GET http://localhost:64332/swagger/v1/swagger.json - - - 200 - application/json;charset=utf-8 147.6586ms
[23:58:19 Microsoft.AspNetCore.Hosting.Diagnostics [Information] Request starting HTTP/1.1 POST http://localhost:64332/api/Transactions application/json 232
[23:58:19 Microsoft.AspNetCore.Cors.Infrastructure.CorsService [Information] CORS policy execution successful.
[23:58:19 Microsoft.AspNetCore.Routing.EndpointMiddleware [Information] Executing endpoint '"Transactions.API.Controllers.TransactionsController.Post (Transactions.API)"'
[23:58:19 Microsoft.AspNetCore.Mvc.Infrastructure.ControllerActionInvoker [Information] Route matched with "{action = \"Post\", controller = \"Transactions\"}". Executing controller action with signature "System.Threading.Tasks.Task`1[Microsoft.AspNetCore.Mvc.IActionResult] Post(Transactions.Core.Models.Transaction)" on controller "Transactions.API.Controllers.TransactionsController" ("Transactions.API").
[23:58:55 Microsoft.Hosting.Lifetime [Information] Application started. Press Ctrl+C to shut down.
[23:58:55 Microsoft.AspNetCore.Hosting.Diagnostics [Information] Request starting HTTP/1.1 GET http://localhost:64332/swagger/index.html - -
[23:58:55 Microsoft.Hosting.Lifetime [Information] Hosting environment: "Development"
[23:58:55 Microsoft.Hosting.Lifetime [Information] Content root path: "C:\Users\manasa\source\repos\CGI\Transactions\Transactions.API\"
[23:58:55 Microsoft.AspNetCore.Hosting.Diagnostics [Information] Request starting HTTP/1.1 GET http://localhost:64332/_framework/aspnetcore-browser-refresh.js - -
[23:58:55 Microsoft.AspNetCore.Hosting.Diagnostics [Information] Request finished HTTP/1.1 GET http://localhost:64332/swagger/index.html - - - 200 - text/html;charset=utf-8 351.6948ms
[23:58:55 Microsoft.AspNetCore.Hosting.Diagnostics [Information] Request finished HTTP/1.1 GET http://localhost:64332/_framework/aspnetcore-browser-refresh.js - - - 200 11990 application/javascript;+charset=utf-8 7.1550ms
[23:58:55 Microsoft.AspNetCore.Hosting.Diagnostics [Information] Request starting HTTP/1.1 GET http://localhost:64332/swagger/v1/swagger.json - -
[23:58:55 Microsoft.AspNetCore.Hosting.Diagnostics [Information] Request finished HTTP/1.1 GET http://localhost:64332/swagger/v1/swagger.json - - - 200 - application/json;charset=utf-8 169.4125ms
[23:59:13 Microsoft.AspNetCore.Hosting.Diagnostics [Information] Request starting HTTP/1.1 POST http://localhost:64332/api/Transactions application/json 231
[23:59:13 Microsoft.AspNetCore.Cors.Infrastructure.CorsService [Information] CORS policy execution successful.
[23:59:13 Microsoft.AspNetCore.Routing.EndpointMiddleware [Information] Executing endpoint '"Transactions.API.Controllers.TransactionsController.Post (Transactions.API)"'
[23:59:13 Microsoft.AspNetCore.Mvc.Infrastructure.ControllerActionInvoker [Information] Route matched with "{action = \"Post\", controller = \"Transactions\"}". Executing controller action with signature "System.Threading.Tasks.Task`1[Microsoft.AspNetCore.Mvc.IActionResult] Post(Transactions.Core.Models.Transaction)" on controller "Transactions.API.Controllers.TransactionsController" ("Transactions.API").
[23:59:52 Microsoft.EntityFrameworkCore.Model.Validation [Warning] No store type was specified for the decimal property '"CurrentTotalAmount"' on entity type '"Transaction"'. This will cause values to be silently truncated if they do not fit in the default precision and scale. Explicitly specify the SQL server column type that can accommodate all the values in 'OnModelCreating' using 'HasColumnType', specify precision and scale using 'HasPrecision', or configure a value converter using 'HasConversion'.
[23:59:52 Microsoft.EntityFrameworkCore.Model.Validation [Warning] No store type was specified for the decimal property '"TransactionAmount"' on entity type '"Transaction"'. This will cause values to be silently truncated if they do not fit in the default precision and scale. Explicitly specify the SQL server column type that can accommodate all the values in 'OnModelCreating' using 'HasColumnType', specify precision and scale using 'HasPrecision', or configure a value converter using 'HasConversion'.
[23:59:52 Microsoft.EntityFrameworkCore.Infrastructure [Information] Entity Framework Core "6.0.6" initialized '"AppDBContext"' using provider '"Microsoft.EntityFrameworkCore.SqlServer":"6.0.6"' with options: "None"
[23:59:54 Microsoft.EntityFrameworkCore.Database.Command [Information] Executed DbCommand ("73"ms) [Parameters=["@p0='?' (Size = 4000), @p1='?' (Precision = 18) (Scale = 2) (DbType = Decimal), @p2='?' (Precision = 18) (Scale = 2) (DbType = Decimal), @p3='?' (DbType = DateTime2), @p4='?' (Size = 100), @p5='?' (DbType = Int32), @p6='?' (DbType = Int32)"], CommandType='Text', CommandTimeout='30']"
""SET NOCOUNT ON;
INSERT INTO [Transactions] ([AccountNumber], [CurrentTotalAmount], [TransactionAmount], [TransactionDate], [TransactionDescription], [TransactionStatus], [TransactionType])
VALUES (@p0, @p1, @p2, @p3, @p4, @p5, @p6);
SELECT [Id]
FROM [Transactions]
WHERE @@ROWCOUNT = 1 AND [Id] = scope_identity();"
[23:59:57 Microsoft.AspNetCore.Mvc.Infrastructure.ObjectResultExecutor [Information] Executing "OkObjectResult", writing value of type '"System.Boolean"'.
[23:59:57 Microsoft.AspNetCore.Mvc.Infrastructure.ControllerActionInvoker [Information] Executed action "Transactions.API.Controllers.TransactionsController.Post (Transactions.API)" in 44341.7554ms
[23:59:57 Microsoft.AspNetCore.Routing.EndpointMiddleware [Information] Executed endpoint '"Transactions.API.Controllers.TransactionsController.Post (Transactions.API)"'
[23:59:57 Microsoft.AspNetCore.Hosting.Diagnostics [Information] Request finished HTTP/1.1 POST http://localhost:64332/api/Transactions application/json 231 - 200 - application/json;+charset=utf-8 44455.0677ms
