[00:00:14 Microsoft.AspNetCore.Hosting.Diagnostics [Information] Request starting HTTP/1.1 GET http://localhost:64332/api/Transactions/4143774759 - -
[00:00:14 Microsoft.AspNetCore.Routing.EndpointMiddleware [Information] Executing endpoint '"Transactions.API.Controllers.TransactionsController.Get (Transactions.API)"'
[00:00:14 Microsoft.AspNetCore.Mvc.Infrastructure.ControllerActionInvoker [Information] Route matched with "{action = \"Get\", controller = \"Transactions\"}". Executing controller action with signature "System.Threading.Tasks.Task`1[Microsoft.AspNetCore.Mvc.IActionResult] Get(System.String)" on controller "Transactions.API.Controllers.TransactionsController" ("Transactions.API").
[00:00:14 Microsoft.EntityFrameworkCore.Infrastructure [Information] Entity Framework Core "6.0.6" initialized '"AppDBContext"' using provider '"Microsoft.EntityFrameworkCore.SqlServer":"6.0.6"' with options: "None"
[00:00:15 Microsoft.EntityFrameworkCore.Database.Command [Information] Executed DbCommand ("11"ms) [Parameters=["@__accountNumber_0='?' (Size = 4000)"], CommandType='Text', CommandTimeout='30']"
""SELECT [t].[Id], [t].[AccountNumber], [t].[CurrentTotalAmount], [t].[TransactionAmount], [t].[TransactionDate], [t].[TransactionDescription], [t].[TransactionStatus], [t].[TransactionType]
FROM [Transactions] AS [t]
WHERE [t].[AccountNumber] = @__accountNumber_0"
[00:00:15 Microsoft.AspNetCore.Mvc.Infrastructure.ObjectResultExecutor [Information] Executing "OkObjectResult", writing value of type '"System.Collections.Generic.List`1[[Transactions.Core.Models.Transaction, Transactions.Core, Version=1.0.0.0, Culture=neutral, PublicKeyToken=null]]"'.
[00:00:15 Microsoft.AspNetCore.Mvc.Infrastructure.ControllerActionInvoker [Information] Executed action "Transactions.API.Controllers.TransactionsController.Get (Transactions.API)" in 1308.8355ms
[00:00:15 Microsoft.AspNetCore.Routing.EndpointMiddleware [Information] Executed endpoint '"Transactions.API.Controllers.TransactionsController.Get (Transactions.API)"'
[00:00:15 Microsoft.AspNetCore.Hosting.Diagnostics [Information] Request finished HTTP/1.1 GET http://localhost:64332/api/Transactions/4143774759 - - - 200 - application/json;+charset=utf-8 1331.8540ms
[00:00:48 Microsoft.AspNetCore.Hosting.Diagnostics [Information] Request starting HTTP/1.1 GET http://localhost:64332/api/Transactions/4143774759 - -
[00:00:48 Microsoft.AspNetCore.Routing.EndpointMiddleware [Information] Executing endpoint '"Transactions.API.Controllers.TransactionsController.Get (Transactions.API)"'
[00:00:48 Microsoft.AspNetCore.Mvc.Infrastructure.ControllerActionInvoker [Information] Route matched with "{action = \"Get\", controller = \"Transactions\"}". Executing controller action with signature "System.Threading.Tasks.Task`1[Microsoft.AspNetCore.Mvc.IActionResult] Get(System.String)" on controller "Transactions.API.Controllers.TransactionsController" ("Transactions.API").
[00:00:48 Microsoft.EntityFrameworkCore.Infrastructure [Information] Entity Framework Core "6.0.6" initialized '"AppDBContext"' using provider '"Microsoft.EntityFrameworkCore.SqlServer":"6.0.6"' with options: "None"
[00:00:48 Microsoft.EntityFrameworkCore.Database.Command [Information] Executed DbCommand ("5"ms) [Parameters=["@__accountNumber_0='?' (Size = 4000)"], CommandType='Text', CommandTimeout='30']"
""SELECT [t].[Id], [t].[AccountNumber], [t].[CurrentTotalAmount], [t].[TransactionAmount], [t].[TransactionDate], [t].[TransactionDescription], [t].[TransactionStatus], [t].[TransactionType]
FROM [Transactions] AS [t]
WHERE [t].[AccountNumber] = @__accountNumber_0"
[00:00:48 Microsoft.AspNetCore.Mvc.Infrastructure.ObjectResultExecutor [Information] Executing "OkObjectResult", writing value of type '"System.Collections.Generic.List`1[[Transactions.Core.Models.Transaction, Transactions.Core, Version=1.0.0.0, Culture=neutral, PublicKeyToken=null]]"'.
[00:00:48 Microsoft.AspNetCore.Mvc.Infrastructure.ControllerActionInvoker [Information] Executed action "Transactions.API.Controllers.TransactionsController.Get (Transactions.API)" in 77.1266ms
[00:00:48 Microsoft.AspNetCore.Routing.EndpointMiddleware [Information] Executed endpoint '"Transactions.API.Controllers.TransactionsController.Get (Transactions.API)"'
[00:00:48 Microsoft.AspNetCore.Hosting.Diagnostics [Information] Request finished HTTP/1.1 GET http://localhost:64332/api/Transactions/4143774759 - - - 200 - application/json;+charset=utf-8 84.2506ms
[00:00:48 Microsoft.AspNetCore.Hosting.Diagnostics [Information] Request starting HTTP/1.1 GET http://localhost:64332/favicon.ico - -
[00:00:48 Microsoft.AspNetCore.Hosting.Diagnostics [Information] Request finished HTTP/1.1 GET http://localhost:64332/favicon.ico - - - 404 - - 5.4442ms
[00:07:20 Microsoft.AspNetCore.Hosting.Diagnostics [Information] Request starting HTTP/1.1 GET http://localhost:64332/api/Transactions/4143774759 - -
[00:07:20 Microsoft.AspNetCore.Cors.Infrastructure.CorsService [Information] CORS policy execution successful.
[00:07:20 Microsoft.AspNetCore.Routing.EndpointMiddleware [Information] Executing endpoint '"Transactions.API.Controllers.TransactionsController.Get (Transactions.API)"'
[00:07:20 Microsoft.AspNetCore.Mvc.Infrastructure.ControllerActionInvoker [Information] Route matched with "{action = \"Get\", controller = \"Transactions\"}". Executing controller action with signature "System.Threading.Tasks.Task`1[Microsoft.AspNetCore.Mvc.IActionResult] Get(System.String)" on controller "Transactions.API.Controllers.TransactionsController" ("Transactions.API").
[00:07:20 Microsoft.EntityFrameworkCore.Infrastructure [Information] Entity Framework Core "6.0.6" initialized '"AppDBContext"' using provider '"Microsoft.EntityFrameworkCore.SqlServer":"6.0.6"' with options: "None"
[00:07:20 Microsoft.EntityFrameworkCore.Database.Command [Information] Executed DbCommand ("7"ms) [Parameters=["@__accountNumber_0='?' (Size = 4000)"], CommandType='Text', CommandTimeout='30']"
""SELECT [t].[Id], [t].[AccountNumber], [t].[CurrentTotalAmount], [t].[TransactionAmount], [t].[TransactionDate], [t].[TransactionDescription], [t].[TransactionStatus], [t].[TransactionType]
FROM [Transactions] AS [t]
WHERE [t].[AccountNumber] = @__accountNumber_0"
[00:07:20 Microsoft.AspNetCore.Mvc.Infrastructure.ObjectResultExecutor [Information] Executing "OkObjectResult", writing value of type '"System.Collections.Generic.List`1[[Transactions.Core.Models.Transaction, Transactions.Core, Version=1.0.0.0, Culture=neutral, PublicKeyToken=null]]"'.
[00:07:20 Microsoft.AspNetCore.Mvc.Infrastructure.ControllerActionInvoker [Information] Executed action "Transactions.API.Controllers.TransactionsController.Get (Transactions.API)" in 65.4279ms
[00:07:20 Microsoft.AspNetCore.Routing.EndpointMiddleware [Information] Executed endpoint '"Transactions.API.Controllers.TransactionsController.Get (Transactions.API)"'
[00:07:20 Microsoft.AspNetCore.Hosting.Diagnostics [Information] Request finished HTTP/1.1 GET http://localhost:64332/api/Transactions/4143774759 - - - 200 - application/json;+charset=utf-8 66.7199ms
[00:08:41 Microsoft.AspNetCore.Hosting.Diagnostics [Information] Request starting HTTP/1.1 GET http://localhost:64332/api/Transactions/4143774759 - -
[00:08:41 Microsoft.AspNetCore.Cors.Infrastructure.CorsService [Information] CORS policy execution successful.
[00:08:41 Microsoft.AspNetCore.Routing.EndpointMiddleware [Information] Executing endpoint '"Transactions.API.Controllers.TransactionsController.Get (Transactions.API)"'
[00:08:41 Microsoft.AspNetCore.Mvc.Infrastructure.ControllerActionInvoker [Information] Route matched with "{action = \"Get\", controller = \"Transactions\"}". Executing controller action with signature "System.Threading.Tasks.Task`1[Microsoft.AspNetCore.Mvc.IActionResult] Get(System.String)" on controller "Transactions.API.Controllers.TransactionsController" ("Transactions.API").
[00:08:41 Microsoft.EntityFrameworkCore.Infrastructure [Information] Entity Framework Core "6.0.6" initialized '"AppDBContext"' using provider '"Microsoft.EntityFrameworkCore.SqlServer":"6.0.6"' with options: "None"
[00:08:41 Microsoft.EntityFrameworkCore.Database.Command [Information] Executed DbCommand ("14"ms) [Parameters=["@__accountNumber_0='?' (Size = 4000)"], CommandType='Text', CommandTimeout='30']"
""SELECT [t].[Id], [t].[AccountNumber], [t].[CurrentTotalAmount], [t].[TransactionAmount], [t].[TransactionDate], [t].[TransactionDescription], [t].[TransactionStatus], [t].[TransactionType]
FROM [Transactions] AS [t]
WHERE [t].[AccountNumber] = @__accountNumber_0"
[00:08:41 Microsoft.AspNetCore.Mvc.Infrastructure.ObjectResultExecutor [Information] Executing "OkObjectResult", writing value of type '"System.Collections.Generic.List`1[[Transactions.Core.Models.Transaction, Transactions.Core, Version=1.0.0.0, Culture=neutral, PublicKeyToken=null]]"'.
[00:08:41 Microsoft.AspNetCore.Mvc.Infrastructure.ControllerActionInvoker [Information] Executed action "Transactions.API.Controllers.TransactionsController.Get (Transactions.API)" in 30.2084ms
[00:08:41 Microsoft.AspNetCore.Routing.EndpointMiddleware [Information] Executed endpoint '"Transactions.API.Controllers.TransactionsController.Get (Transactions.API)"'
[00:08:41 Microsoft.AspNetCore.Hosting.Diagnostics [Information] Request finished HTTP/1.1 GET http://localhost:64332/api/Transactions/4143774759 - - - 200 - application/json;+charset=utf-8 30.9474ms
[00:15:21 Microsoft.AspNetCore.Hosting.Diagnostics [Information] Request starting HTTP/1.1 GET http://localhost:64332/api/Transactions/4143774759 - -
[00:15:21 Microsoft.AspNetCore.Cors.Infrastructure.CorsService [Information] CORS policy execution successful.
[00:15:21 Microsoft.AspNetCore.Routing.EndpointMiddleware [Information] Executing endpoint '"Transactions.API.Controllers.TransactionsController.Get (Transactions.API)"'
[00:15:21 Microsoft.AspNetCore.Mvc.Infrastructure.ControllerActionInvoker [Information] Route matched with "{action = \"Get\", controller = \"Transactions\"}". Executing controller action with signature "System.Threading.Tasks.Task`1[Microsoft.AspNetCore.Mvc.IActionResult] Get(System.String)" on controller "Transactions.API.Controllers.TransactionsController" ("Transactions.API").
[00:15:21 Microsoft.EntityFrameworkCore.Infrastructure [Information] Entity Framework Core "6.0.6" initialized '"AppDBContext"' using provider '"Microsoft.EntityFrameworkCore.SqlServer":"6.0.6"' with options: "None"
[00:15:21 Microsoft.EntityFrameworkCore.Database.Command [Information] Executed DbCommand ("3"ms) [Parameters=["@__accountNumber_0='?' (Size = 4000)"], CommandType='Text', CommandTimeout='30']"
""SELECT [t].[Id], [t].[AccountNumber], [t].[CurrentTotalAmount], [t].[TransactionAmount], [t].[TransactionDate], [t].[TransactionDescription], [t].[TransactionStatus], [t].[TransactionType]
FROM [Transactions] AS [t]
WHERE [t].[AccountNumber] = @__accountNumber_0"
[00:15:21 Microsoft.AspNetCore.Mvc.Infrastructure.ObjectResultExecutor [Information] Executing "OkObjectResult", writing value of type '"System.Collections.Generic.List`1[[Transactions.Core.Models.Transaction, Transactions.Core, Version=1.0.0.0, Culture=neutral, PublicKeyToken=null]]"'.
[00:15:21 Microsoft.AspNetCore.Mvc.Infrastructure.ControllerActionInvoker [Information] Executed action "Transactions.API.Controllers.TransactionsController.Get (Transactions.API)" in 58.0318ms
[00:15:21 Microsoft.AspNetCore.Routing.EndpointMiddleware [Information] Executed endpoint '"Transactions.API.Controllers.TransactionsController.Get (Transactions.API)"'
[00:15:21 Microsoft.AspNetCore.Hosting.Diagnostics [Information] Request finished HTTP/1.1 GET http://localhost:64332/api/Transactions/4143774759 - - - 200 - application/json;+charset=utf-8 59.3185ms
[00:15:26 Microsoft.AspNetCore.Hosting.Diagnostics [Information] Request starting HTTP/1.1 GET http://localhost:64332/api/Transactions/4143774759 - -
[00:15:26 Microsoft.AspNetCore.Cors.Infrastructure.CorsService [Information] CORS policy execution successful.
[00:15:26 Microsoft.AspNetCore.Routing.EndpointMiddleware [Information] Executing endpoint '"Transactions.API.Controllers.TransactionsController.Get (Transactions.API)"'
[00:15:26 Microsoft.AspNetCore.Mvc.Infrastructure.ControllerActionInvoker [Information] Route matched with "{action = \"Get\", controller = \"Transactions\"}". Executing controller action with signature "System.Threading.Tasks.Task`1[Microsoft.AspNetCore.Mvc.IActionResult] Get(System.String)" on controller "Transactions.API.Controllers.TransactionsController" ("Transactions.API").
[00:15:26 Microsoft.EntityFrameworkCore.Infrastructure [Information] Entity Framework Core "6.0.6" initialized '"AppDBContext"' using provider '"Microsoft.EntityFrameworkCore.SqlServer":"6.0.6"' with options: "None"
[00:15:26 Microsoft.EntityFrameworkCore.Database.Command [Information] Executed DbCommand ("3"ms) [Parameters=["@__accountNumber_0='?' (Size = 4000)"], CommandType='Text', CommandTimeout='30']"
""SELECT [t].[Id], [t].[AccountNumber], [t].[CurrentTotalAmount], [t].[TransactionAmount], [t].[TransactionDate], [t].[TransactionDescription], [t].[TransactionStatus], [t].[TransactionType]
FROM [Transactions] AS [t]
WHERE [t].[AccountNumber] = @__accountNumber_0"
[00:15:26 Microsoft.AspNetCore.Mvc.Infrastructure.ObjectResultExecutor [Information] Executing "OkObjectResult", writing value of type '"System.Collections.Generic.List`1[[Transactions.Core.Models.Transaction, Transactions.Core, Version=1.0.0.0, Culture=neutral, PublicKeyToken=null]]"'.
[00:15:26 Microsoft.AspNetCore.Mvc.Infrastructure.ControllerActionInvoker [Information] Executed action "Transactions.API.Controllers.TransactionsController.Get (Transactions.API)" in 17.0193ms
[00:15:26 Microsoft.AspNetCore.Routing.EndpointMiddleware [Information] Executed endpoint '"Transactions.API.Controllers.TransactionsController.Get (Transactions.API)"'
[00:15:26 Microsoft.AspNetCore.Hosting.Diagnostics [Information] Request finished HTTP/1.1 GET http://localhost:64332/api/Transactions/4143774759 - - - 200 - application/json;+charset=utf-8 17.7632ms
[00:15:31 Microsoft.AspNetCore.Hosting.Diagnostics [Information] Request starting HTTP/1.1 GET http://localhost:64332/api/Transactions/4143774759 - -
[00:15:31 Microsoft.AspNetCore.Cors.Infrastructure.CorsService [Information] CORS policy execution successful.
[00:15:31 Microsoft.AspNetCore.Routing.EndpointMiddleware [Information] Executing endpoint '"Transactions.API.Controllers.TransactionsController.Get (Transactions.API)"'
[00:15:31 Microsoft.AspNetCore.Mvc.Infrastructure.ControllerActionInvoker [Information] Route matched with "{action = \"Get\", controller = \"Transactions\"}". Executing controller action with signature "System.Threading.Tasks.Task`1[Microsoft.AspNetCore.Mvc.IActionResult] Get(System.String)" on controller "Transactions.API.Controllers.TransactionsController" ("Transactions.API").
[00:15:31 Microsoft.EntityFrameworkCore.Infrastructure [Information] Entity Framework Core "6.0.6" initialized '"AppDBContext"' using provider '"Microsoft.EntityFrameworkCore.SqlServer":"6.0.6"' with options: "None"
[00:15:31 Microsoft.EntityFrameworkCore.Database.Command [Information] Executed DbCommand ("2"ms) [Parameters=["@__accountNumber_0='?' (Size = 4000)"], CommandType='Text', CommandTimeout='30']"
""SELECT [t].[Id], [t].[AccountNumber], [t].[CurrentTotalAmount], [t].[TransactionAmount], [t].[TransactionDate], [t].[TransactionDescription], [t].[TransactionStatus], [t].[TransactionType]
FROM [Transactions] AS [t]
WHERE [t].[AccountNumber] = @__accountNumber_0"
[00:15:31 Microsoft.AspNetCore.Mvc.Infrastructure.ObjectResultExecutor [Information] Executing "OkObjectResult", writing value of type '"System.Collections.Generic.List`1[[Transactions.Core.Models.Transaction, Transactions.Core, Version=1.0.0.0, Culture=neutral, PublicKeyToken=null]]"'.
[00:15:31 Microsoft.AspNetCore.Mvc.Infrastructure.ControllerActionInvoker [Information] Executed action "Transactions.API.Controllers.TransactionsController.Get (Transactions.API)" in 4.9163ms
[00:15:31 Microsoft.AspNetCore.Routing.EndpointMiddleware [Information] Executed endpoint '"Transactions.API.Controllers.TransactionsController.Get (Transactions.API)"'
[00:15:31 Microsoft.AspNetCore.Hosting.Diagnostics [Information] Request finished HTTP/1.1 GET http://localhost:64332/api/Transactions/4143774759 - - - 200 - application/json;+charset=utf-8 5.6153ms
[00:15:36 Microsoft.AspNetCore.Hosting.Diagnostics [Information] Request starting HTTP/1.1 GET http://localhost:64332/api/Transactions/4143774759 - -
[00:15:36 Microsoft.AspNetCore.Cors.Infrastructure.CorsService [Information] CORS policy execution successful.
[00:15:36 Microsoft.AspNetCore.Routing.EndpointMiddleware [Information] Executing endpoint '"Transactions.API.Controllers.TransactionsController.Get (Transactions.API)"'
[00:15:36 Microsoft.AspNetCore.Mvc.Infrastructure.ControllerActionInvoker [Information] Route matched with "{action = \"Get\", controller = \"Transactions\"}". Executing controller action with signature "System.Threading.Tasks.Task`1[Microsoft.AspNetCore.Mvc.IActionResult] Get(System.String)" on controller "Transactions.API.Controllers.TransactionsController" ("Transactions.API").
[00:15:36 Microsoft.EntityFrameworkCore.Infrastructure [Information] Entity Framework Core "6.0.6" initialized '"AppDBContext"' using provider '"Microsoft.EntityFrameworkCore.SqlServer":"6.0.6"' with options: "None"
[00:15:36 Microsoft.EntityFrameworkCore.Database.Command [Information] Executed DbCommand ("5"ms) [Parameters=["@__accountNumber_0='?' (Size = 4000)"], CommandType='Text', CommandTimeout='30']"
""SELECT [t].[Id], [t].[AccountNumber], [t].[CurrentTotalAmount], [t].[TransactionAmount], [t].[TransactionDate], [t].[TransactionDescription], [t].[TransactionStatus], [t].[TransactionType]
FROM [Transactions] AS [t]
WHERE [t].[AccountNumber] = @__accountNumber_0"
[00:15:36 Microsoft.AspNetCore.Mvc.Infrastructure.ObjectResultExecutor [Information] Executing "OkObjectResult", writing value of type '"System.Collections.Generic.List`1[[Transactions.Core.Models.Transaction, Transactions.Core, Version=1.0.0.0, Culture=neutral, PublicKeyToken=null]]"'.
[00:15:36 Microsoft.AspNetCore.Mvc.Infrastructure.ControllerActionInvoker [Information] Executed action "Transactions.API.Controllers.TransactionsController.Get (Transactions.API)" in 14.7751ms
[00:15:36 Microsoft.AspNetCore.Routing.EndpointMiddleware [Information] Executed endpoint '"Transactions.API.Controllers.TransactionsController.Get (Transactions.API)"'
[00:15:36 Microsoft.AspNetCore.Hosting.Diagnostics [Information] Request finished HTTP/1.1 GET http://localhost:64332/api/Transactions/4143774759 - - - 200 - application/json;+charset=utf-8 15.7123ms
[00:15:39 Microsoft.AspNetCore.Hosting.Diagnostics [Information] Request starting HTTP/1.1 GET http://localhost:64332/api/Transactions/4143774759 - -
[00:15:39 Microsoft.AspNetCore.Cors.Infrastructure.CorsService [Information] CORS policy execution successful.
[00:15:39 Microsoft.AspNetCore.Routing.EndpointMiddleware [Information] Executing endpoint '"Transactions.API.Controllers.TransactionsController.Get (Transactions.API)"'
[00:15:39 Microsoft.AspNetCore.Mvc.Infrastructure.ControllerActionInvoker [Information] Route matched with "{action = \"Get\", controller = \"Transactions\"}". Executing controller action with signature "System.Threading.Tasks.Task`1[Microsoft.AspNetCore.Mvc.IActionResult] Get(System.String)" on controller "Transactions.API.Controllers.TransactionsController" ("Transactions.API").
[00:15:39 Microsoft.EntityFrameworkCore.Infrastructure [Information] Entity Framework Core "6.0.6" initialized '"AppDBContext"' using provider '"Microsoft.EntityFrameworkCore.SqlServer":"6.0.6"' with options: "None"
[00:15:39 Microsoft.EntityFrameworkCore.Database.Command [Information] Executed DbCommand ("2"ms) [Parameters=["@__accountNumber_0='?' (Size = 4000)"], CommandType='Text', CommandTimeout='30']"
""SELECT [t].[Id], [t].[AccountNumber], [t].[CurrentTotalAmount], [t].[TransactionAmount], [t].[TransactionDate], [t].[TransactionDescription], [t].[TransactionStatus], [t].[TransactionType]
FROM [Transactions] AS [t]
WHERE [t].[AccountNumber] = @__accountNumber_0"
[00:15:39 Microsoft.AspNetCore.Mvc.Infrastructure.ObjectResultExecutor [Information] Executing "OkObjectResult", writing value of type '"System.Collections.Generic.List`1[[Transactions.Core.Models.Transaction, Transactions.Core, Version=1.0.0.0, Culture=neutral, PublicKeyToken=null]]"'.
[00:15:39 Microsoft.AspNetCore.Mvc.Infrastructure.ControllerActionInvoker [Information] Executed action "Transactions.API.Controllers.TransactionsController.Get (Transactions.API)" in 6.5414ms
[00:15:39 Microsoft.AspNetCore.Routing.EndpointMiddleware [Information] Executed endpoint '"Transactions.API.Controllers.TransactionsController.Get (Transactions.API)"'
[00:15:39 Microsoft.AspNetCore.Hosting.Diagnostics [Information] Request finished HTTP/1.1 GET http://localhost:64332/api/Transactions/4143774759 - - - 200 - application/json;+charset=utf-8 7.4612ms
[00:15:42 Microsoft.AspNetCore.Hosting.Diagnostics [Information] Request starting HTTP/1.1 GET http://localhost:64332/api/Transactions/4143774759 - -
[00:15:42 Microsoft.AspNetCore.Cors.Infrastructure.CorsService [Information] CORS policy execution successful.
[00:15:42 Microsoft.AspNetCore.Routing.EndpointMiddleware [Information] Executing endpoint '"Transactions.API.Controllers.TransactionsController.Get (Transactions.API)"'
[00:15:42 Microsoft.AspNetCore.Mvc.Infrastructure.ControllerActionInvoker [Information] Route matched with "{action = \"Get\", controller = \"Transactions\"}". Executing controller action with signature "System.Threading.Tasks.Task`1[Microsoft.AspNetCore.Mvc.IActionResult] Get(System.String)" on controller "Transactions.API.Controllers.TransactionsController" ("Transactions.API").
[00:15:42 Microsoft.EntityFrameworkCore.Infrastructure [Information] Entity Framework Core "6.0.6" initialized '"AppDBContext"' using provider '"Microsoft.EntityFrameworkCore.SqlServer":"6.0.6"' with options: "None"
[00:15:42 Microsoft.EntityFrameworkCore.Database.Command [Information] Executed DbCommand ("1"ms) [Parameters=["@__accountNumber_0='?' (Size = 4000)"], CommandType='Text', CommandTimeout='30']"
""SELECT [t].[Id], [t].[AccountNumber], [t].[CurrentTotalAmount], [t].[TransactionAmount], [t].[TransactionDate], [t].[TransactionDescription], [t].[TransactionStatus], [t].[TransactionType]
FROM [Transactions] AS [t]
WHERE [t].[AccountNumber] = @__accountNumber_0"
[00:15:42 Microsoft.AspNetCore.Mvc.Infrastructure.ObjectResultExecutor [Information] Executing "OkObjectResult", writing value of type '"System.Collections.Generic.List`1[[Transactions.Core.Models.Transaction, Transactions.Core, Version=1.0.0.0, Culture=neutral, PublicKeyToken=null]]"'.
[00:15:42 Microsoft.AspNetCore.Mvc.Infrastructure.ControllerActionInvoker [Information] Executed action "Transactions.API.Controllers.TransactionsController.Get (Transactions.API)" in 6.4362ms
[00:15:42 Microsoft.AspNetCore.Routing.EndpointMiddleware [Information] Executed endpoint '"Transactions.API.Controllers.TransactionsController.Get (Transactions.API)"'
[00:15:42 Microsoft.AspNetCore.Hosting.Diagnostics [Information] Request finished HTTP/1.1 GET http://localhost:64332/api/Transactions/4143774759 - - - 200 - application/json;+charset=utf-8 6.9061ms
[00:15:46 Microsoft.AspNetCore.Hosting.Diagnostics [Information] Request starting HTTP/1.1 GET http://localhost:64332/api/Transactions/4143774759 - -
[00:15:46 Microsoft.AspNetCore.Cors.Infrastructure.CorsService [Information] CORS policy execution successful.
[00:15:46 Microsoft.AspNetCore.Routing.EndpointMiddleware [Information] Executing endpoint '"Transactions.API.Controllers.TransactionsController.Get (Transactions.API)"'
[00:15:46 Microsoft.AspNetCore.Mvc.Infrastructure.ControllerActionInvoker [Information] Route matched with "{action = \"Get\", controller = \"Transactions\"}". Executing controller action with signature "System.Threading.Tasks.Task`1[Microsoft.AspNetCore.Mvc.IActionResult] Get(System.String)" on controller "Transactions.API.Controllers.TransactionsController" ("Transactions.API").
[00:15:46 Microsoft.EntityFrameworkCore.Infrastructure [Information] Entity Framework Core "6.0.6" initialized '"AppDBContext"' using provider '"Microsoft.EntityFrameworkCore.SqlServer":"6.0.6"' with options: "None"
[00:15:46 Microsoft.EntityFrameworkCore.Database.Command [Information] Executed DbCommand ("3"ms) [Parameters=["@__accountNumber_0='?' (Size = 4000)"], CommandType='Text', CommandTimeout='30']"
""SELECT [t].[Id], [t].[AccountNumber], [t].[CurrentTotalAmount], [t].[TransactionAmount], [t].[TransactionDate], [t].[TransactionDescription], [t].[TransactionStatus], [t].[TransactionType]
FROM [Transactions] AS [t]
WHERE [t].[AccountNumber] = @__accountNumber_0"
[00:15:46 Microsoft.AspNetCore.Mvc.Infrastructure.ObjectResultExecutor [Information] Executing "OkObjectResult", writing value of type '"System.Collections.Generic.List`1[[Transactions.Core.Models.Transaction, Transactions.Core, Version=1.0.0.0, Culture=neutral, PublicKeyToken=null]]"'.
[00:15:46 Microsoft.AspNetCore.Mvc.Infrastructure.ControllerActionInvoker [Information] Executed action "Transactions.API.Controllers.TransactionsController.Get (Transactions.API)" in 6.9551ms
[00:15:46 Microsoft.AspNetCore.Routing.EndpointMiddleware [Information] Executed endpoint '"Transactions.API.Controllers.TransactionsController.Get (Transactions.API)"'
[00:15:46 Microsoft.AspNetCore.Hosting.Diagnostics [Information] Request finished HTTP/1.1 GET http://localhost:64332/api/Transactions/4143774759 - - - 200 - application/json;+charset=utf-8 7.7201ms
[00:15:53 Microsoft.AspNetCore.Hosting.Diagnostics [Information] Request starting HTTP/1.1 GET http://localhost:64332/api/Transactions/4143774759 - -
[00:15:53 Microsoft.AspNetCore.Cors.Infrastructure.CorsService [Information] CORS policy execution successful.
[00:15:53 Microsoft.AspNetCore.Routing.EndpointMiddleware [Information] Executing endpoint '"Transactions.API.Controllers.TransactionsController.Get (Transactions.API)"'
[00:15:53 Microsoft.AspNetCore.Mvc.Infrastructure.ControllerActionInvoker [Information] Route matched with "{action = \"Get\", controller = \"Transactions\"}". Executing controller action with signature "System.Threading.Tasks.Task`1[Microsoft.AspNetCore.Mvc.IActionResult] Get(System.String)" on controller "Transactions.API.Controllers.TransactionsController" ("Transactions.API").
[00:15:53 Microsoft.EntityFrameworkCore.Infrastructure [Information] Entity Framework Core "6.0.6" initialized '"AppDBContext"' using provider '"Microsoft.EntityFrameworkCore.SqlServer":"6.0.6"' with options: "None"
[00:15:53 Microsoft.EntityFrameworkCore.Database.Command [Information] Executed DbCommand ("2"ms) [Parameters=["@__accountNumber_0='?' (Size = 4000)"], CommandType='Text', CommandTimeout='30']"
""SELECT [t].[Id], [t].[AccountNumber], [t].[CurrentTotalAmount], [t].[TransactionAmount], [t].[TransactionDate], [t].[TransactionDescription], [t].[TransactionStatus], [t].[TransactionType]
FROM [Transactions] AS [t]
WHERE [t].[AccountNumber] = @__accountNumber_0"
[00:15:53 Microsoft.AspNetCore.Mvc.Infrastructure.ObjectResultExecutor [Information] Executing "OkObjectResult", writing value of type '"System.Collections.Generic.List`1[[Transactions.Core.Models.Transaction, Transactions.Core, Version=1.0.0.0, Culture=neutral, PublicKeyToken=null]]"'.
[00:15:53 Microsoft.AspNetCore.Mvc.Infrastructure.ControllerActionInvoker [Information] Executed action "Transactions.API.Controllers.TransactionsController.Get (Transactions.API)" in 6.6866ms
[00:15:53 Microsoft.AspNetCore.Routing.EndpointMiddleware [Information] Executed endpoint '"Transactions.API.Controllers.TransactionsController.Get (Transactions.API)"'
[00:15:53 Microsoft.AspNetCore.Hosting.Diagnostics [Information] Request finished HTTP/1.1 GET http://localhost:64332/api/Transactions/4143774759 - - - 200 - application/json;+charset=utf-8 7.3624ms
[00:16:00 Microsoft.AspNetCore.Hosting.Diagnostics [Information] Request starting HTTP/1.1 GET http://localhost:64332/api/Transactions/4143774759 - -
[00:16:00 Microsoft.AspNetCore.Cors.Infrastructure.CorsService [Information] CORS policy execution successful.
[00:16:00 Microsoft.AspNetCore.Routing.EndpointMiddleware [Information] Executing endpoint '"Transactions.API.Controllers.TransactionsController.Get (Transactions.API)"'
[00:16:00 Microsoft.AspNetCore.Mvc.Infrastructure.ControllerActionInvoker [Information] Route matched with "{action = \"Get\", controller = \"Transactions\"}". Executing controller action with signature "System.Threading.Tasks.Task`1[Microsoft.AspNetCore.Mvc.IActionResult] Get(System.String)" on controller "Transactions.API.Controllers.TransactionsController" ("Transactions.API").
[00:16:00 Microsoft.EntityFrameworkCore.Infrastructure [Information] Entity Framework Core "6.0.6" initialized '"AppDBContext"' using provider '"Microsoft.EntityFrameworkCore.SqlServer":"6.0.6"' with options: "None"
[00:16:00 Microsoft.EntityFrameworkCore.Database.Command [Information] Executed DbCommand ("3"ms) [Parameters=["@__accountNumber_0='?' (Size = 4000)"], CommandType='Text', CommandTimeout='30']"
""SELECT [t].[Id], [t].[AccountNumber], [t].[CurrentTotalAmount], [t].[TransactionAmount], [t].[TransactionDate], [t].[TransactionDescription], [t].[TransactionStatus], [t].[TransactionType]
FROM [Transactions] AS [t]
WHERE [t].[AccountNumber] = @__accountNumber_0"
[00:16:00 Microsoft.AspNetCore.Mvc.Infrastructure.ObjectResultExecutor [Information] Executing "OkObjectResult", writing value of type '"System.Collections.Generic.List`1[[Transactions.Core.Models.Transaction, Transactions.Core, Version=1.0.0.0, Culture=neutral, PublicKeyToken=null]]"'.
[00:16:00 Microsoft.AspNetCore.Mvc.Infrastructure.ControllerActionInvoker [Information] Executed action "Transactions.API.Controllers.TransactionsController.Get (Transactions.API)" in 7.5552ms
[00:16:00 Microsoft.AspNetCore.Routing.EndpointMiddleware [Information] Executed endpoint '"Transactions.API.Controllers.TransactionsController.Get (Transactions.API)"'
[00:16:00 Microsoft.AspNetCore.Hosting.Diagnostics [Information] Request finished HTTP/1.1 GET http://localhost:64332/api/Transactions/4143774759 - - - 200 - application/json;+charset=utf-8 8.9400ms
[00:18:04 Microsoft.AspNetCore.Hosting.Diagnostics [Information] Request starting HTTP/1.1 GET http://localhost:64332/api/Transactions/4143774759 - -
[00:18:04 Microsoft.AspNetCore.Cors.Infrastructure.CorsService [Information] CORS policy execution successful.
[00:18:04 Microsoft.AspNetCore.Routing.EndpointMiddleware [Information] Executing endpoint '"Transactions.API.Controllers.TransactionsController.Get (Transactions.API)"'
[00:18:04 Microsoft.AspNetCore.Mvc.Infrastructure.ControllerActionInvoker [Information] Route matched with "{action = \"Get\", controller = \"Transactions\"}". Executing controller action with signature "System.Threading.Tasks.Task`1[Microsoft.AspNetCore.Mvc.IActionResult] Get(System.String)" on controller "Transactions.API.Controllers.TransactionsController" ("Transactions.API").
[00:18:04 Microsoft.EntityFrameworkCore.Infrastructure [Information] Entity Framework Core "6.0.6" initialized '"AppDBContext"' using provider '"Microsoft.EntityFrameworkCore.SqlServer":"6.0.6"' with options: "None"
[00:18:04 Microsoft.EntityFrameworkCore.Database.Command [Information] Executed DbCommand ("20"ms) [Parameters=["@__accountNumber_0='?' (Size = 4000)"], CommandType='Text', CommandTimeout='30']"
""SELECT [t].[Id], [t].[AccountNumber], [t].[CurrentTotalAmount], [t].[TransactionAmount], [t].[TransactionDate], [t].[TransactionDescription], [t].[TransactionStatus], [t].[TransactionType]
FROM [Transactions] AS [t]
WHERE [t].[AccountNumber] = @__accountNumber_0"
[00:18:04 Microsoft.AspNetCore.Mvc.Infrastructure.ObjectResultExecutor [Information] Executing "OkObjectResult", writing value of type '"System.Collections.Generic.List`1[[Transactions.Core.Models.Transaction, Transactions.Core, Version=1.0.0.0, Culture=neutral, PublicKeyToken=null]]"'.
[00:18:04 Microsoft.AspNetCore.Mvc.Infrastructure.ControllerActionInvoker [Information] Executed action "Transactions.API.Controllers.TransactionsController.Get (Transactions.API)" in 30.939ms
[00:18:04 Microsoft.AspNetCore.Routing.EndpointMiddleware [Information] Executed endpoint '"Transactions.API.Controllers.TransactionsController.Get (Transactions.API)"'
[00:18:04 Microsoft.AspNetCore.Hosting.Diagnostics [Information] Request finished HTTP/1.1 GET http://localhost:64332/api/Transactions/4143774759 - - - 200 - application/json;+charset=utf-8 31.7296ms
[00:18:07 Microsoft.AspNetCore.Hosting.Diagnostics [Information] Request starting HTTP/1.1 GET http://localhost:64332/api/Transactions/4143774759 - -
[00:18:07 Microsoft.AspNetCore.Cors.Infrastructure.CorsService [Information] CORS policy execution successful.
[00:18:07 Microsoft.AspNetCore.Routing.EndpointMiddleware [Information] Executing endpoint '"Transactions.API.Controllers.TransactionsController.Get (Transactions.API)"'
[00:18:07 Microsoft.AspNetCore.Mvc.Infrastructure.ControllerActionInvoker [Information] Route matched with "{action = \"Get\", controller = \"Transactions\"}". Executing controller action with signature "System.Threading.Tasks.Task`1[Microsoft.AspNetCore.Mvc.IActionResult] Get(System.String)" on controller "Transactions.API.Controllers.TransactionsController" ("Transactions.API").
[00:18:07 Microsoft.EntityFrameworkCore.Infrastructure [Information] Entity Framework Core "6.0.6" initialized '"AppDBContext"' using provider '"Microsoft.EntityFrameworkCore.SqlServer":"6.0.6"' with options: "None"
[00:18:07 Microsoft.EntityFrameworkCore.Database.Command [Information] Executed DbCommand ("1"ms) [Parameters=["@__accountNumber_0='?' (Size = 4000)"], CommandType='Text', CommandTimeout='30']"
""SELECT [t].[Id], [t].[AccountNumber], [t].[CurrentTotalAmount], [t].[TransactionAmount], [t].[TransactionDate], [t].[TransactionDescription], [t].[TransactionStatus], [t].[TransactionType]
FROM [Transactions] AS [t]
WHERE [t].[AccountNumber] = @__accountNumber_0"
[00:18:07 Microsoft.AspNetCore.Mvc.Infrastructure.ObjectResultExecutor [Information] Executing "OkObjectResult", writing value of type '"System.Collections.Generic.List`1[[Transactions.Core.Models.Transaction, Transactions.Core, Version=1.0.0.0, Culture=neutral, PublicKeyToken=null]]"'.
[00:18:07 Microsoft.AspNetCore.Mvc.Infrastructure.ControllerActionInvoker [Information] Executed action "Transactions.API.Controllers.TransactionsController.Get (Transactions.API)" in 6.4308ms
[00:18:07 Microsoft.AspNetCore.Routing.EndpointMiddleware [Information] Executed endpoint '"Transactions.API.Controllers.TransactionsController.Get (Transactions.API)"'
[00:18:07 Microsoft.AspNetCore.Hosting.Diagnostics [Information] Request finished HTTP/1.1 GET http://localhost:64332/api/Transactions/4143774759 - - - 200 - application/json;+charset=utf-8 8.2023ms
[00:42:09 Microsoft.AspNetCore.Hosting.Diagnostics [Information] Request starting HTTP/1.1 GET http://localhost:64332/api/Transactions/4143774759 - -
[00:42:09 Microsoft.AspNetCore.Cors.Infrastructure.CorsService [Information] CORS policy execution successful.
[00:42:09 Microsoft.AspNetCore.Routing.EndpointMiddleware [Information] Executing endpoint '"Transactions.API.Controllers.TransactionsController.Get (Transactions.API)"'
[00:42:09 Microsoft.AspNetCore.Mvc.Infrastructure.ControllerActionInvoker [Information] Route matched with "{action = \"Get\", controller = \"Transactions\"}". Executing controller action with signature "System.Threading.Tasks.Task`1[Microsoft.AspNetCore.Mvc.IActionResult] Get(System.String)" on controller "Transactions.API.Controllers.TransactionsController" ("Transactions.API").
[00:42:09 Microsoft.EntityFrameworkCore.Infrastructure [Information] Entity Framework Core "6.0.6" initialized '"AppDBContext"' using provider '"Microsoft.EntityFrameworkCore.SqlServer":"6.0.6"' with options: "None"
[00:42:09 Microsoft.EntityFrameworkCore.Database.Command [Information] Executed DbCommand ("3"ms) [Parameters=["@__accountNumber_0='?' (Size = 4000)"], CommandType='Text', CommandTimeout='30']"
""SELECT [t].[Id], [t].[AccountNumber], [t].[CurrentTotalAmount], [t].[TransactionAmount], [t].[TransactionDate], [t].[TransactionDescription], [t].[TransactionStatus], [t].[TransactionType]
FROM [Transactions] AS [t]
WHERE [t].[AccountNumber] = @__accountNumber_0"
[00:42:09 Microsoft.AspNetCore.Mvc.Infrastructure.ObjectResultExecutor [Information] Executing "OkObjectResult", writing value of type '"System.Collections.Generic.List`1[[Transactions.Core.Models.Transaction, Transactions.Core, Version=1.0.0.0, Culture=neutral, PublicKeyToken=null]]"'.
[00:42:09 Microsoft.AspNetCore.Mvc.Infrastructure.ControllerActionInvoker [Information] Executed action "Transactions.API.Controllers.TransactionsController.Get (Transactions.API)" in 26.7759ms
[00:42:09 Microsoft.AspNetCore.Routing.EndpointMiddleware [Information] Executed endpoint '"Transactions.API.Controllers.TransactionsController.Get (Transactions.API)"'
[00:42:09 Microsoft.AspNetCore.Hosting.Diagnostics [Information] Request finished HTTP/1.1 GET http://localhost:64332/api/Transactions/4143774759 - - - 200 - application/json;+charset=utf-8 27.7040ms
[00:42:19 Microsoft.AspNetCore.Hosting.Diagnostics [Information] Request starting HTTP/1.1 GET http://localhost:64332/api/Transactions/4143774759 - -
[00:42:19 Microsoft.AspNetCore.Cors.Infrastructure.CorsService [Information] CORS policy execution successful.
[00:42:19 Microsoft.AspNetCore.Routing.EndpointMiddleware [Information] Executing endpoint '"Transactions.API.Controllers.TransactionsController.Get (Transactions.API)"'
[00:42:19 Microsoft.AspNetCore.Mvc.Infrastructure.ControllerActionInvoker [Information] Route matched with "{action = \"Get\", controller = \"Transactions\"}". Executing controller action with signature "System.Threading.Tasks.Task`1[Microsoft.AspNetCore.Mvc.IActionResult] Get(System.String)" on controller "Transactions.API.Controllers.TransactionsController" ("Transactions.API").
[00:42:19 Microsoft.EntityFrameworkCore.Infrastructure [Information] Entity Framework Core "6.0.6" initialized '"AppDBContext"' using provider '"Microsoft.EntityFrameworkCore.SqlServer":"6.0.6"' with options: "None"
[00:42:19 Microsoft.EntityFrameworkCore.Database.Command [Information] Executed DbCommand ("4"ms) [Parameters=["@__accountNumber_0='?' (Size = 4000)"], CommandType='Text', CommandTimeout='30']"
""SELECT [t].[Id], [t].[AccountNumber], [t].[CurrentTotalAmount], [t].[TransactionAmount], [t].[TransactionDate], [t].[TransactionDescription], [t].[TransactionStatus], [t].[TransactionType]
FROM [Transactions] AS [t]
WHERE [t].[AccountNumber] = @__accountNumber_0"
[00:42:19 Microsoft.AspNetCore.Mvc.Infrastructure.ObjectResultExecutor [Information] Executing "OkObjectResult", writing value of type '"System.Collections.Generic.List`1[[Transactions.Core.Models.Transaction, Transactions.Core, Version=1.0.0.0, Culture=neutral, PublicKeyToken=null]]"'.
[00:42:19 Microsoft.AspNetCore.Mvc.Infrastructure.ControllerActionInvoker [Information] Executed action "Transactions.API.Controllers.TransactionsController.Get (Transactions.API)" in 14.567ms
[00:42:19 Microsoft.AspNetCore.Routing.EndpointMiddleware [Information] Executed endpoint '"Transactions.API.Controllers.TransactionsController.Get (Transactions.API)"'
[00:42:19 Microsoft.AspNetCore.Hosting.Diagnostics [Information] Request finished HTTP/1.1 GET http://localhost:64332/api/Transactions/4143774759 - - - 200 - application/json;+charset=utf-8 15.5158ms
[00:42:26 Microsoft.AspNetCore.Hosting.Diagnostics [Information] Request starting HTTP/1.1 GET http://localhost:64332/api/Transactions/4143774759 - -
[00:42:26 Microsoft.AspNetCore.Cors.Infrastructure.CorsService [Information] CORS policy execution successful.
[00:42:26 Microsoft.AspNetCore.Routing.EndpointMiddleware [Information] Executing endpoint '"Transactions.API.Controllers.TransactionsController.Get (Transactions.API)"'
[00:42:26 Microsoft.AspNetCore.Mvc.Infrastructure.ControllerActionInvoker [Information] Route matched with "{action = \"Get\", controller = \"Transactions\"}". Executing controller action with signature "System.Threading.Tasks.Task`1[Microsoft.AspNetCore.Mvc.IActionResult] Get(System.String)" on controller "Transactions.API.Controllers.TransactionsController" ("Transactions.API").
[00:42:26 Microsoft.EntityFrameworkCore.Infrastructure [Information] Entity Framework Core "6.0.6" initialized '"AppDBContext"' using provider '"Microsoft.EntityFrameworkCore.SqlServer":"6.0.6"' with options: "None"
[00:42:26 Microsoft.EntityFrameworkCore.Database.Command [Information] Executed DbCommand ("1"ms) [Parameters=["@__accountNumber_0='?' (Size = 4000)"], CommandType='Text', CommandTimeout='30']"
""SELECT [t].[Id], [t].[AccountNumber], [t].[CurrentTotalAmount], [t].[TransactionAmount], [t].[TransactionDate], [t].[TransactionDescription], [t].[TransactionStatus], [t].[TransactionType]
FROM [Transactions] AS [t]
WHERE [t].[AccountNumber] = @__accountNumber_0"
[00:42:26 Microsoft.AspNetCore.Mvc.Infrastructure.ObjectResultExecutor [Information] Executing "OkObjectResult", writing value of type '"System.Collections.Generic.List`1[[Transactions.Core.Models.Transaction, Transactions.Core, Version=1.0.0.0, Culture=neutral, PublicKeyToken=null]]"'.
[00:42:26 Microsoft.AspNetCore.Mvc.Infrastructure.ControllerActionInvoker [Information] Executed action "Transactions.API.Controllers.TransactionsController.Get (Transactions.API)" in 6.7973ms
[00:42:26 Microsoft.AspNetCore.Routing.EndpointMiddleware [Information] Executed endpoint '"Transactions.API.Controllers.TransactionsController.Get (Transactions.API)"'
[00:42:26 Microsoft.AspNetCore.Hosting.Diagnostics [Information] Request finished HTTP/1.1 GET http://localhost:64332/api/Transactions/4143774759 - - - 200 - application/json;+charset=utf-8 7.4887ms
[00:47:20 Microsoft.AspNetCore.Hosting.Diagnostics [Information] Request starting HTTP/1.1 GET http://localhost:64332/api/Transactions/8966382431 - -
[00:47:20 Microsoft.AspNetCore.Routing.EndpointMiddleware [Information] Executing endpoint '"Transactions.API.Controllers.TransactionsController.Get (Transactions.API)"'
[00:47:20 Microsoft.AspNetCore.Mvc.Infrastructure.ControllerActionInvoker [Information] Route matched with "{action = \"Get\", controller = \"Transactions\"}". Executing controller action with signature "System.Threading.Tasks.Task`1[Microsoft.AspNetCore.Mvc.IActionResult] Get(System.String)" on controller "Transactions.API.Controllers.TransactionsController" ("Transactions.API").
[00:47:20 Microsoft.EntityFrameworkCore.Infrastructure [Information] Entity Framework Core "6.0.6" initialized '"AppDBContext"' using provider '"Microsoft.EntityFrameworkCore.SqlServer":"6.0.6"' with options: "None"
[00:47:20 Microsoft.EntityFrameworkCore.Database.Command [Information] Executed DbCommand ("33"ms) [Parameters=["@__accountNumber_0='?' (Size = 4000)"], CommandType='Text', CommandTimeout='30']"
""SELECT [t].[Id], [t].[AccountNumber], [t].[CurrentTotalAmount], [t].[TransactionAmount], [t].[TransactionDate], [t].[TransactionDescription], [t].[TransactionStatus], [t].[TransactionType]
FROM [Transactions] AS [t]
WHERE [t].[AccountNumber] = @__accountNumber_0"
[00:47:20 Microsoft.AspNetCore.Mvc.Infrastructure.ObjectResultExecutor [Information] Executing "OkObjectResult", writing value of type '"System.Collections.Generic.List`1[[Transactions.Core.Models.Transaction, Transactions.Core, Version=1.0.0.0, Culture=neutral, PublicKeyToken=null]]"'.
[00:47:20 Microsoft.AspNetCore.Mvc.Infrastructure.ControllerActionInvoker [Information] Executed action "Transactions.API.Controllers.TransactionsController.Get (Transactions.API)" in 49.4238ms
[00:47:20 Microsoft.AspNetCore.Routing.EndpointMiddleware [Information] Executed endpoint '"Transactions.API.Controllers.TransactionsController.Get (Transactions.API)"'
[00:47:20 Microsoft.AspNetCore.Hosting.Diagnostics [Information] Request finished HTTP/1.1 GET http://localhost:64332/api/Transactions/8966382431 - - - 200 - application/json;+charset=utf-8 60.3953ms
[00:47:34 Microsoft.AspNetCore.Hosting.Diagnostics [Information] Request starting HTTP/1.1 GET http://localhost:64332/api/Transactions/2692738732 - -
[00:47:34 Microsoft.AspNetCore.Routing.EndpointMiddleware [Information] Executing endpoint '"Transactions.API.Controllers.TransactionsController.Get (Transactions.API)"'
[00:47:34 Microsoft.AspNetCore.Mvc.Infrastructure.ControllerActionInvoker [Information] Route matched with "{action = \"Get\", controller = \"Transactions\"}". Executing controller action with signature "System.Threading.Tasks.Task`1[Microsoft.AspNetCore.Mvc.IActionResult] Get(System.String)" on controller "Transactions.API.Controllers.TransactionsController" ("Transactions.API").
[00:47:34 Microsoft.EntityFrameworkCore.Infrastructure [Information] Entity Framework Core "6.0.6" initialized '"AppDBContext"' using provider '"Microsoft.EntityFrameworkCore.SqlServer":"6.0.6"' with options: "None"
[00:47:34 Microsoft.EntityFrameworkCore.Database.Command [Information] Executed DbCommand ("1"ms) [Parameters=["@__accountNumber_0='?' (Size = 4000)"], CommandType='Text', CommandTimeout='30']"
""SELECT [t].[Id], [t].[AccountNumber], [t].[CurrentTotalAmount], [t].[TransactionAmount], [t].[TransactionDate], [t].[TransactionDescription], [t].[TransactionStatus], [t].[TransactionType]
FROM [Transactions] AS [t]
WHERE [t].[AccountNumber] = @__accountNumber_0"
[00:47:34 Microsoft.AspNetCore.Mvc.Infrastructure.ObjectResultExecutor [Information] Executing "OkObjectResult", writing value of type '"System.Collections.Generic.List`1[[Transactions.Core.Models.Transaction, Transactions.Core, Version=1.0.0.0, Culture=neutral, PublicKeyToken=null]]"'.
[00:47:34 Microsoft.AspNetCore.Mvc.Infrastructure.ControllerActionInvoker [Information] Executed action "Transactions.API.Controllers.TransactionsController.Get (Transactions.API)" in 7.818ms
[00:47:34 Microsoft.AspNetCore.Routing.EndpointMiddleware [Information] Executed endpoint '"Transactions.API.Controllers.TransactionsController.Get (Transactions.API)"'
[00:47:34 Microsoft.AspNetCore.Hosting.Diagnostics [Information] Request finished HTTP/1.1 GET http://localhost:64332/api/Transactions/2692738732 - - - 200 - application/json;+charset=utf-8 9.7410ms
[00:47:43 Microsoft.AspNetCore.Hosting.Diagnostics [Information] Request starting HTTP/1.1 GET http://localhost:64332/api/Transactions/8966382431 - -
[00:47:43 Microsoft.AspNetCore.Routing.EndpointMiddleware [Information] Executing endpoint '"Transactions.API.Controllers.TransactionsController.Get (Transactions.API)"'
[00:47:43 Microsoft.AspNetCore.Mvc.Infrastructure.ControllerActionInvoker [Information] Route matched with "{action = \"Get\", controller = \"Transactions\"}". Executing controller action with signature "System.Threading.Tasks.Task`1[Microsoft.AspNetCore.Mvc.IActionResult] Get(System.String)" on controller "Transactions.API.Controllers.TransactionsController" ("Transactions.API").
[00:47:43 Microsoft.EntityFrameworkCore.Infrastructure [Information] Entity Framework Core "6.0.6" initialized '"AppDBContext"' using provider '"Microsoft.EntityFrameworkCore.SqlServer":"6.0.6"' with options: "None"
[00:47:43 Microsoft.EntityFrameworkCore.Database.Command [Information] Executed DbCommand ("1"ms) [Parameters=["@__accountNumber_0='?' (Size = 4000)"], CommandType='Text', CommandTimeout='30']"
""SELECT [t].[Id], [t].[AccountNumber], [t].[CurrentTotalAmount], [t].[TransactionAmount], [t].[TransactionDate], [t].[TransactionDescription], [t].[TransactionStatus], [t].[TransactionType]
FROM [Transactions] AS [t]
WHERE [t].[AccountNumber] = @__accountNumber_0"
[00:47:43 Microsoft.AspNetCore.Mvc.Infrastructure.ObjectResultExecutor [Information] Executing "OkObjectResult", writing value of type '"System.Collections.Generic.List`1[[Transactions.Core.Models.Transaction, Transactions.Core, Version=1.0.0.0, Culture=neutral, PublicKeyToken=null]]"'.
[00:47:43 Microsoft.AspNetCore.Mvc.Infrastructure.ControllerActionInvoker [Information] Executed action "Transactions.API.Controllers.TransactionsController.Get (Transactions.API)" in 6.5759ms
[00:47:43 Microsoft.AspNetCore.Routing.EndpointMiddleware [Information] Executed endpoint '"Transactions.API.Controllers.TransactionsController.Get (Transactions.API)"'
[00:47:43 Microsoft.AspNetCore.Hosting.Diagnostics [Information] Request finished HTTP/1.1 GET http://localhost:64332/api/Transactions/8966382431 - - - 200 - application/json;+charset=utf-8 8.1165ms
[00:47:49 Microsoft.AspNetCore.Hosting.Diagnostics [Information] Request starting HTTP/1.1 GET http://localhost:64332/api/Transactions/7456186154 - -
[00:47:49 Microsoft.AspNetCore.Routing.EndpointMiddleware [Information] Executing endpoint '"Transactions.API.Controllers.TransactionsController.Get (Transactions.API)"'
[00:47:49 Microsoft.AspNetCore.Mvc.Infrastructure.ControllerActionInvoker [Information] Route matched with "{action = \"Get\", controller = \"Transactions\"}". Executing controller action with signature "System.Threading.Tasks.Task`1[Microsoft.AspNetCore.Mvc.IActionResult] Get(System.String)" on controller "Transactions.API.Controllers.TransactionsController" ("Transactions.API").
[00:47:49 Microsoft.EntityFrameworkCore.Infrastructure [Information] Entity Framework Core "6.0.6" initialized '"AppDBContext"' using provider '"Microsoft.EntityFrameworkCore.SqlServer":"6.0.6"' with options: "None"
[00:47:49 Microsoft.EntityFrameworkCore.Database.Command [Information] Executed DbCommand ("2"ms) [Parameters=["@__accountNumber_0='?' (Size = 4000)"], CommandType='Text', CommandTimeout='30']"
""SELECT [t].[Id], [t].[AccountNumber], [t].[CurrentTotalAmount], [t].[TransactionAmount], [t].[TransactionDate], [t].[TransactionDescription], [t].[TransactionStatus], [t].[TransactionType]
FROM [Transactions] AS [t]
WHERE [t].[AccountNumber] = @__accountNumber_0"
[00:47:49 Microsoft.AspNetCore.Mvc.Infrastructure.ObjectResultExecutor [Information] Executing "OkObjectResult", writing value of type '"System.Collections.Generic.List`1[[Transactions.Core.Models.Transaction, Transactions.Core, Version=1.0.0.0, Culture=neutral, PublicKeyToken=null]]"'.
[00:47:49 Microsoft.AspNetCore.Mvc.Infrastructure.ControllerActionInvoker [Information] Executed action "Transactions.API.Controllers.TransactionsController.Get (Transactions.API)" in 7.4229ms
[00:47:49 Microsoft.AspNetCore.Routing.EndpointMiddleware [Information] Executed endpoint '"Transactions.API.Controllers.TransactionsController.Get (Transactions.API)"'
[00:47:49 Microsoft.AspNetCore.Hosting.Diagnostics [Information] Request finished HTTP/1.1 GET http://localhost:64332/api/Transactions/7456186154 - - - 200 - application/json;+charset=utf-8 8.6328ms
[00:47:54 Microsoft.AspNetCore.Hosting.Diagnostics [Information] Request starting HTTP/1.1 GET http://localhost:64332/api/Transactions/4143774759 - -
[00:47:54 Microsoft.AspNetCore.Routing.EndpointMiddleware [Information] Executing endpoint '"Transactions.API.Controllers.TransactionsController.Get (Transactions.API)"'
[00:47:54 Microsoft.AspNetCore.Mvc.Infrastructure.ControllerActionInvoker [Information] Route matched with "{action = \"Get\", controller = \"Transactions\"}". Executing controller action with signature "System.Threading.Tasks.Task`1[Microsoft.AspNetCore.Mvc.IActionResult] Get(System.String)" on controller "Transactions.API.Controllers.TransactionsController" ("Transactions.API").
[00:47:54 Microsoft.EntityFrameworkCore.Infrastructure [Information] Entity Framework Core "6.0.6" initialized '"AppDBContext"' using provider '"Microsoft.EntityFrameworkCore.SqlServer":"6.0.6"' with options: "None"
[00:47:54 Microsoft.EntityFrameworkCore.Database.Command [Information] Executed DbCommand ("2"ms) [Parameters=["@__accountNumber_0='?' (Size = 4000)"], CommandType='Text', CommandTimeout='30']"
""SELECT [t].[Id], [t].[AccountNumber], [t].[CurrentTotalAmount], [t].[TransactionAmount], [t].[TransactionDate], [t].[TransactionDescription], [t].[TransactionStatus], [t].[TransactionType]
FROM [Transactions] AS [t]
WHERE [t].[AccountNumber] = @__accountNumber_0"
[00:47:54 Microsoft.AspNetCore.Mvc.Infrastructure.ObjectResultExecutor [Information] Executing "OkObjectResult", writing value of type '"System.Collections.Generic.List`1[[Transactions.Core.Models.Transaction, Transactions.Core, Version=1.0.0.0, Culture=neutral, PublicKeyToken=null]]"'.
[00:47:54 Microsoft.AspNetCore.Mvc.Infrastructure.ControllerActionInvoker [Information] Executed action "Transactions.API.Controllers.TransactionsController.Get (Transactions.API)" in 6.848ms
[00:47:54 Microsoft.AspNetCore.Routing.EndpointMiddleware [Information] Executed endpoint '"Transactions.API.Controllers.TransactionsController.Get (Transactions.API)"'
[00:47:54 Microsoft.AspNetCore.Hosting.Diagnostics [Information] Request finished HTTP/1.1 GET http://localhost:64332/api/Transactions/4143774759 - - - 200 - application/json;+charset=utf-8 8.1424ms
[00:58:37 Microsoft.AspNetCore.Hosting.Diagnostics [Information] Request starting HTTP/1.1 GET http://localhost:64332/api/Transactions/8966382431 - -
[00:58:37 Microsoft.AspNetCore.Cors.Infrastructure.CorsService [Information] CORS policy execution successful.
[00:58:37 Microsoft.AspNetCore.Routing.EndpointMiddleware [Information] Executing endpoint '"Transactions.API.Controllers.TransactionsController.Get (Transactions.API)"'
[00:58:37 Microsoft.AspNetCore.Mvc.Infrastructure.ControllerActionInvoker [Information] Route matched with "{action = \"Get\", controller = \"Transactions\"}". Executing controller action with signature "System.Threading.Tasks.Task`1[Microsoft.AspNetCore.Mvc.IActionResult] Get(System.String)" on controller "Transactions.API.Controllers.TransactionsController" ("Transactions.API").
[00:58:37 Microsoft.EntityFrameworkCore.Infrastructure [Information] Entity Framework Core "6.0.6" initialized '"AppDBContext"' using provider '"Microsoft.EntityFrameworkCore.SqlServer":"6.0.6"' with options: "None"
[00:58:37 Microsoft.EntityFrameworkCore.Database.Command [Information] Executed DbCommand ("5"ms) [Parameters=["@__accountNumber_0='?' (Size = 4000)"], CommandType='Text', CommandTimeout='30']"
""SELECT [t].[Id], [t].[AccountNumber], [t].[CurrentTotalAmount], [t].[TransactionAmount], [t].[TransactionDate], [t].[TransactionDescription], [t].[TransactionStatus], [t].[TransactionType]
FROM [Transactions] AS [t]
WHERE [t].[AccountNumber] = @__accountNumber_0"
[00:58:37 Microsoft.AspNetCore.Mvc.Infrastructure.ObjectResultExecutor [Information] Executing "OkObjectResult", writing value of type '"System.Collections.Generic.List`1[[Transactions.Core.Models.Transaction, Transactions.Core, Version=1.0.0.0, Culture=neutral, PublicKeyToken=null]]"'.
[00:58:37 Microsoft.AspNetCore.Mvc.Infrastructure.ControllerActionInvoker [Information] Executed action "Transactions.API.Controllers.TransactionsController.Get (Transactions.API)" in 62.6791ms
[00:58:37 Microsoft.AspNetCore.Routing.EndpointMiddleware [Information] Executed endpoint '"Transactions.API.Controllers.TransactionsController.Get (Transactions.API)"'
[00:58:37 Microsoft.AspNetCore.Hosting.Diagnostics [Information] Request finished HTTP/1.1 GET http://localhost:64332/api/Transactions/8966382431 - - - 200 - application/json;+charset=utf-8 63.4583ms
[00:58:42 Microsoft.AspNetCore.Hosting.Diagnostics [Information] Request starting HTTP/1.1 GET http://localhost:64332/api/Transactions/2692738732 - -
[00:58:42 Microsoft.AspNetCore.Cors.Infrastructure.CorsService [Information] CORS policy execution successful.
[00:58:42 Microsoft.AspNetCore.Routing.EndpointMiddleware [Information] Executing endpoint '"Transactions.API.Controllers.TransactionsController.Get (Transactions.API)"'
[00:58:42 Microsoft.AspNetCore.Mvc.Infrastructure.ControllerActionInvoker [Information] Route matched with "{action = \"Get\", controller = \"Transactions\"}". Executing controller action with signature "System.Threading.Tasks.Task`1[Microsoft.AspNetCore.Mvc.IActionResult] Get(System.String)" on controller "Transactions.API.Controllers.TransactionsController" ("Transactions.API").
[00:58:42 Microsoft.EntityFrameworkCore.Infrastructure [Information] Entity Framework Core "6.0.6" initialized '"AppDBContext"' using provider '"Microsoft.EntityFrameworkCore.SqlServer":"6.0.6"' with options: "None"
[00:58:42 Microsoft.EntityFrameworkCore.Database.Command [Information] Executed DbCommand ("3"ms) [Parameters=["@__accountNumber_0='?' (Size = 4000)"], CommandType='Text', CommandTimeout='30']"
""SELECT [t].[Id], [t].[AccountNumber], [t].[CurrentTotalAmount], [t].[TransactionAmount], [t].[TransactionDate], [t].[TransactionDescription], [t].[TransactionStatus], [t].[TransactionType]
FROM [Transactions] AS [t]
WHERE [t].[AccountNumber] = @__accountNumber_0"
[00:58:42 Microsoft.AspNetCore.Mvc.Infrastructure.ObjectResultExecutor [Information] Executing "OkObjectResult", writing value of type '"System.Collections.Generic.List`1[[Transactions.Core.Models.Transaction, Transactions.Core, Version=1.0.0.0, Culture=neutral, PublicKeyToken=null]]"'.
[00:58:42 Microsoft.AspNetCore.Mvc.Infrastructure.ControllerActionInvoker [Information] Executed action "Transactions.API.Controllers.TransactionsController.Get (Transactions.API)" in 13.7447ms
[00:58:42 Microsoft.AspNetCore.Routing.EndpointMiddleware [Information] Executed endpoint '"Transactions.API.Controllers.TransactionsController.Get (Transactions.API)"'
[00:58:42 Microsoft.AspNetCore.Hosting.Diagnostics [Information] Request finished HTTP/1.1 GET http://localhost:64332/api/Transactions/2692738732 - - - 200 - application/json;+charset=utf-8 45.6420ms
[00:58:46 Microsoft.AspNetCore.Hosting.Diagnostics [Information] Request starting HTTP/1.1 GET http://localhost:64332/api/Transactions/4143774759 - -
[00:58:46 Microsoft.AspNetCore.Cors.Infrastructure.CorsService [Information] CORS policy execution successful.
[00:58:46 Microsoft.AspNetCore.Routing.EndpointMiddleware [Information] Executing endpoint '"Transactions.API.Controllers.TransactionsController.Get (Transactions.API)"'
[00:58:46 Microsoft.AspNetCore.Mvc.Infrastructure.ControllerActionInvoker [Information] Route matched with "{action = \"Get\", controller = \"Transactions\"}". Executing controller action with signature "System.Threading.Tasks.Task`1[Microsoft.AspNetCore.Mvc.IActionResult] Get(System.String)" on controller "Transactions.API.Controllers.TransactionsController" ("Transactions.API").
[00:58:46 Microsoft.EntityFrameworkCore.Infrastructure [Information] Entity Framework Core "6.0.6" initialized '"AppDBContext"' using provider '"Microsoft.EntityFrameworkCore.SqlServer":"6.0.6"' with options: "None"
[00:58:46 Microsoft.EntityFrameworkCore.Database.Command [Information] Executed DbCommand ("16"ms) [Parameters=["@__accountNumber_0='?' (Size = 4000)"], CommandType='Text', CommandTimeout='30']"
""SELECT [t].[Id], [t].[AccountNumber], [t].[CurrentTotalAmount], [t].[TransactionAmount], [t].[TransactionDate], [t].[TransactionDescription], [t].[TransactionStatus], [t].[TransactionType]
FROM [Transactions] AS [t]
WHERE [t].[AccountNumber] = @__accountNumber_0"
[00:58:46 Microsoft.AspNetCore.Mvc.Infrastructure.ObjectResultExecutor [Information] Executing "OkObjectResult", writing value of type '"System.Collections.Generic.List`1[[Transactions.Core.Models.Transaction, Transactions.Core, Version=1.0.0.0, Culture=neutral, PublicKeyToken=null]]"'.
[00:58:46 Microsoft.AspNetCore.Mvc.Infrastructure.ControllerActionInvoker [Information] Executed action "Transactions.API.Controllers.TransactionsController.Get (Transactions.API)" in 26.5256ms
[00:58:46 Microsoft.AspNetCore.Routing.EndpointMiddleware [Information] Executed endpoint '"Transactions.API.Controllers.TransactionsController.Get (Transactions.API)"'
[00:58:46 Microsoft.AspNetCore.Hosting.Diagnostics [Information] Request finished HTTP/1.1 GET http://localhost:64332/api/Transactions/4143774759 - - - 200 - application/json;+charset=utf-8 29.0172ms
[00:58:49 Microsoft.AspNetCore.Hosting.Diagnostics [Information] Request starting HTTP/1.1 GET http://localhost:64332/api/Transactions/4052971146 - -
[00:58:49 Microsoft.AspNetCore.Cors.Infrastructure.CorsService [Information] CORS policy execution successful.
[00:58:49 Microsoft.AspNetCore.Routing.EndpointMiddleware [Information] Executing endpoint '"Transactions.API.Controllers.TransactionsController.Get (Transactions.API)"'
[00:58:49 Microsoft.AspNetCore.Mvc.Infrastructure.ControllerActionInvoker [Information] Route matched with "{action = \"Get\", controller = \"Transactions\"}". Executing controller action with signature "System.Threading.Tasks.Task`1[Microsoft.AspNetCore.Mvc.IActionResult] Get(System.String)" on controller "Transactions.API.Controllers.TransactionsController" ("Transactions.API").
[00:58:49 Microsoft.EntityFrameworkCore.Infrastructure [Information] Entity Framework Core "6.0.6" initialized '"AppDBContext"' using provider '"Microsoft.EntityFrameworkCore.SqlServer":"6.0.6"' with options: "None"
[00:58:49 Microsoft.EntityFrameworkCore.Database.Command [Information] Executed DbCommand ("1"ms) [Parameters=["@__accountNumber_0='?' (Size = 4000)"], CommandType='Text', CommandTimeout='30']"
""SELECT [t].[Id], [t].[AccountNumber], [t].[CurrentTotalAmount], [t].[TransactionAmount], [t].[TransactionDate], [t].[TransactionDescription], [t].[TransactionStatus], [t].[TransactionType]
FROM [Transactions] AS [t]
WHERE [t].[AccountNumber] = @__accountNumber_0"
[00:58:49 Microsoft.AspNetCore.Mvc.Infrastructure.ObjectResultExecutor [Information] Executing "OkObjectResult", writing value of type '"System.Collections.Generic.List`1[[Transactions.Core.Models.Transaction, Transactions.Core, Version=1.0.0.0, Culture=neutral, PublicKeyToken=null]]"'.
[00:58:49 Microsoft.AspNetCore.Mvc.Infrastructure.ControllerActionInvoker [Information] Executed action "Transactions.API.Controllers.TransactionsController.Get (Transactions.API)" in 10.4817ms
[00:58:49 Microsoft.AspNetCore.Routing.EndpointMiddleware [Information] Executed endpoint '"Transactions.API.Controllers.TransactionsController.Get (Transactions.API)"'
[00:58:49 Microsoft.AspNetCore.Hosting.Diagnostics [Information] Request finished HTTP/1.1 GET http://localhost:64332/api/Transactions/4052971146 - - - 200 - application/json;+charset=utf-8 11.3229ms
[01:00:17 Microsoft.AspNetCore.Hosting.Diagnostics [Information] Request starting HTTP/1.1 GET http://localhost:64332/api/Transactions/1579689112 - -
[01:00:17 Microsoft.AspNetCore.Cors.Infrastructure.CorsService [Information] CORS policy execution successful.
[01:00:17 Microsoft.AspNetCore.Routing.EndpointMiddleware [Information] Executing endpoint '"Transactions.API.Controllers.TransactionsController.Get (Transactions.API)"'
[01:00:17 Microsoft.AspNetCore.Mvc.Infrastructure.ControllerActionInvoker [Information] Route matched with "{action = \"Get\", controller = \"Transactions\"}". Executing controller action with signature "System.Threading.Tasks.Task`1[Microsoft.AspNetCore.Mvc.IActionResult] Get(System.String)" on controller "Transactions.API.Controllers.TransactionsController" ("Transactions.API").
[01:00:17 Microsoft.EntityFrameworkCore.Infrastructure [Information] Entity Framework Core "6.0.6" initialized '"AppDBContext"' using provider '"Microsoft.EntityFrameworkCore.SqlServer":"6.0.6"' with options: "None"
[01:00:17 Microsoft.EntityFrameworkCore.Database.Command [Information] Executed DbCommand ("13"ms) [Parameters=["@__accountNumber_0='?' (Size = 4000)"], CommandType='Text', CommandTimeout='30']"
""SELECT [t].[Id], [t].[AccountNumber], [t].[CurrentTotalAmount], [t].[TransactionAmount], [t].[TransactionDate], [t].[TransactionDescription], [t].[TransactionStatus], [t].[TransactionType]
FROM [Transactions] AS [t]
WHERE [t].[AccountNumber] = @__accountNumber_0"
[01:00:17 Microsoft.AspNetCore.Mvc.Infrastructure.ObjectResultExecutor [Information] Executing "OkObjectResult", writing value of type '"System.Collections.Generic.List`1[[Transactions.Core.Models.Transaction, Transactions.Core, Version=1.0.0.0, Culture=neutral, PublicKeyToken=null]]"'.
[01:00:17 Microsoft.AspNetCore.Mvc.Infrastructure.ControllerActionInvoker [Information] Executed action "Transactions.API.Controllers.TransactionsController.Get (Transactions.API)" in 38.5122ms
[01:00:17 Microsoft.AspNetCore.Routing.EndpointMiddleware [Information] Executed endpoint '"Transactions.API.Controllers.TransactionsController.Get (Transactions.API)"'
[01:00:17 Microsoft.AspNetCore.Hosting.Diagnostics [Information] Request finished HTTP/1.1 GET http://localhost:64332/api/Transactions/1579689112 - - - 200 - application/json;+charset=utf-8 40.6028ms
[01:00:20 Microsoft.AspNetCore.Hosting.Diagnostics [Information] Request starting HTTP/1.1 GET http://localhost:64332/api/Transactions/4052971146 - -
[01:00:20 Microsoft.AspNetCore.Cors.Infrastructure.CorsService [Information] CORS policy execution successful.
[01:00:20 Microsoft.AspNetCore.Routing.EndpointMiddleware [Information] Executing endpoint '"Transactions.API.Controllers.TransactionsController.Get (Transactions.API)"'
[01:00:20 Microsoft.AspNetCore.Mvc.Infrastructure.ControllerActionInvoker [Information] Route matched with "{action = \"Get\", controller = \"Transactions\"}". Executing controller action with signature "System.Threading.Tasks.Task`1[Microsoft.AspNetCore.Mvc.IActionResult] Get(System.String)" on controller "Transactions.API.Controllers.TransactionsController" ("Transactions.API").
[01:00:20 Microsoft.EntityFrameworkCore.Infrastructure [Information] Entity Framework Core "6.0.6" initialized '"AppDBContext"' using provider '"Microsoft.EntityFrameworkCore.SqlServer":"6.0.6"' with options: "None"
[01:00:20 Microsoft.EntityFrameworkCore.Database.Command [Information] Executed DbCommand ("2"ms) [Parameters=["@__accountNumber_0='?' (Size = 4000)"], CommandType='Text', CommandTimeout='30']"
""SELECT [t].[Id], [t].[AccountNumber], [t].[CurrentTotalAmount], [t].[TransactionAmount], [t].[TransactionDate], [t].[TransactionDescription], [t].[TransactionStatus], [t].[TransactionType]
FROM [Transactions] AS [t]
WHERE [t].[AccountNumber] = @__accountNumber_0"
[01:00:20 Microsoft.AspNetCore.Mvc.Infrastructure.ObjectResultExecutor [Information] Executing "OkObjectResult", writing value of type '"System.Collections.Generic.List`1[[Transactions.Core.Models.Transaction, Transactions.Core, Version=1.0.0.0, Culture=neutral, PublicKeyToken=null]]"'.
[01:00:20 Microsoft.AspNetCore.Mvc.Infrastructure.ControllerActionInvoker [Information] Executed action "Transactions.API.Controllers.TransactionsController.Get (Transactions.API)" in 6.7364ms
[01:00:20 Microsoft.AspNetCore.Routing.EndpointMiddleware [Information] Executed endpoint '"Transactions.API.Controllers.TransactionsController.Get (Transactions.API)"'
[01:00:20 Microsoft.AspNetCore.Hosting.Diagnostics [Information] Request finished HTTP/1.1 GET http://localhost:64332/api/Transactions/4052971146 - - - 200 - application/json;+charset=utf-8 7.3942ms
[01:00:28 Microsoft.AspNetCore.Hosting.Diagnostics [Information] Request starting HTTP/1.1 GET http://localhost:64332/api/Transactions/2692738732 - -
[01:00:28 Microsoft.AspNetCore.Cors.Infrastructure.CorsService [Information] CORS policy execution successful.
[01:00:28 Microsoft.AspNetCore.Routing.EndpointMiddleware [Information] Executing endpoint '"Transactions.API.Controllers.TransactionsController.Get (Transactions.API)"'
[01:00:28 Microsoft.AspNetCore.Mvc.Infrastructure.ControllerActionInvoker [Information] Route matched with "{action = \"Get\", controller = \"Transactions\"}". Executing controller action with signature "System.Threading.Tasks.Task`1[Microsoft.AspNetCore.Mvc.IActionResult] Get(System.String)" on controller "Transactions.API.Controllers.TransactionsController" ("Transactions.API").
[01:00:28 Microsoft.EntityFrameworkCore.Infrastructure [Information] Entity Framework Core "6.0.6" initialized '"AppDBContext"' using provider '"Microsoft.EntityFrameworkCore.SqlServer":"6.0.6"' with options: "None"
[01:00:28 Microsoft.EntityFrameworkCore.Database.Command [Information] Executed DbCommand ("1"ms) [Parameters=["@__accountNumber_0='?' (Size = 4000)"], CommandType='Text', CommandTimeout='30']"
""SELECT [t].[Id], [t].[AccountNumber], [t].[CurrentTotalAmount], [t].[TransactionAmount], [t].[TransactionDate], [t].[TransactionDescription], [t].[TransactionStatus], [t].[TransactionType]
FROM [Transactions] AS [t]
WHERE [t].[AccountNumber] = @__accountNumber_0"
[01:00:28 Microsoft.AspNetCore.Mvc.Infrastructure.ObjectResultExecutor [Information] Executing "OkObjectResult", writing value of type '"System.Collections.Generic.List`1[[Transactions.Core.Models.Transaction, Transactions.Core, Version=1.0.0.0, Culture=neutral, PublicKeyToken=null]]"'.
[01:00:28 Microsoft.AspNetCore.Mvc.Infrastructure.ControllerActionInvoker [Information] Executed action "Transactions.API.Controllers.TransactionsController.Get (Transactions.API)" in 4.0614ms
[01:00:28 Microsoft.AspNetCore.Routing.EndpointMiddleware [Information] Executed endpoint '"Transactions.API.Controllers.TransactionsController.Get (Transactions.API)"'
[01:00:28 Microsoft.AspNetCore.Hosting.Diagnostics [Information] Request finished HTTP/1.1 GET http://localhost:64332/api/Transactions/2692738732 - - - 200 - application/json;+charset=utf-8 4.6263ms
[01:00:46 Microsoft.AspNetCore.Hosting.Diagnostics [Information] Request starting HTTP/1.1 GET http://localhost:64332/api/Transactions/4052971146 - -
[01:00:46 Microsoft.AspNetCore.Cors.Infrastructure.CorsService [Information] CORS policy execution successful.
[01:00:46 Microsoft.AspNetCore.Routing.EndpointMiddleware [Information] Executing endpoint '"Transactions.API.Controllers.TransactionsController.Get (Transactions.API)"'
[01:00:46 Microsoft.AspNetCore.Mvc.Infrastructure.ControllerActionInvoker [Information] Route matched with "{action = \"Get\", controller = \"Transactions\"}". Executing controller action with signature "System.Threading.Tasks.Task`1[Microsoft.AspNetCore.Mvc.IActionResult] Get(System.String)" on controller "Transactions.API.Controllers.TransactionsController" ("Transactions.API").
[01:00:46 Microsoft.EntityFrameworkCore.Infrastructure [Information] Entity Framework Core "6.0.6" initialized '"AppDBContext"' using provider '"Microsoft.EntityFrameworkCore.SqlServer":"6.0.6"' with options: "None"
[01:00:46 Microsoft.EntityFrameworkCore.Database.Command [Information] Executed DbCommand ("3"ms) [Parameters=["@__accountNumber_0='?' (Size = 4000)"], CommandType='Text', CommandTimeout='30']"
""SELECT [t].[Id], [t].[AccountNumber], [t].[CurrentTotalAmount], [t].[TransactionAmount], [t].[TransactionDate], [t].[TransactionDescription], [t].[TransactionStatus], [t].[TransactionType]
FROM [Transactions] AS [t]
WHERE [t].[AccountNumber] = @__accountNumber_0"
[01:00:46 Microsoft.AspNetCore.Mvc.Infrastructure.ObjectResultExecutor [Information] Executing "OkObjectResult", writing value of type '"System.Collections.Generic.List`1[[Transactions.Core.Models.Transaction, Transactions.Core, Version=1.0.0.0, Culture=neutral, PublicKeyToken=null]]"'.
[01:00:46 Microsoft.AspNetCore.Mvc.Infrastructure.ControllerActionInvoker [Information] Executed action "Transactions.API.Controllers.TransactionsController.Get (Transactions.API)" in 5.9803ms
[01:00:46 Microsoft.AspNetCore.Routing.EndpointMiddleware [Information] Executed endpoint '"Transactions.API.Controllers.TransactionsController.Get (Transactions.API)"'
[01:00:46 Microsoft.AspNetCore.Hosting.Diagnostics [Information] Request finished HTTP/1.1 GET http://localhost:64332/api/Transactions/4052971146 - - - 200 - application/json;+charset=utf-8 6.6113ms
[01:00:48 Microsoft.AspNetCore.Hosting.Diagnostics [Information] Request starting HTTP/1.1 GET http://localhost:64332/api/Transactions/8966382431 - -
[01:00:48 Microsoft.AspNetCore.Cors.Infrastructure.CorsService [Information] CORS policy execution successful.
[01:00:48 Microsoft.AspNetCore.Routing.EndpointMiddleware [Information] Executing endpoint '"Transactions.API.Controllers.TransactionsController.Get (Transactions.API)"'
[01:00:48 Microsoft.AspNetCore.Mvc.Infrastructure.ControllerActionInvoker [Information] Route matched with "{action = \"Get\", controller = \"Transactions\"}". Executing controller action with signature "System.Threading.Tasks.Task`1[Microsoft.AspNetCore.Mvc.IActionResult] Get(System.String)" on controller "Transactions.API.Controllers.TransactionsController" ("Transactions.API").
[01:00:48 Microsoft.EntityFrameworkCore.Infrastructure [Information] Entity Framework Core "6.0.6" initialized '"AppDBContext"' using provider '"Microsoft.EntityFrameworkCore.SqlServer":"6.0.6"' with options: "None"
[01:00:48 Microsoft.EntityFrameworkCore.Database.Command [Information] Executed DbCommand ("5"ms) [Parameters=["@__accountNumber_0='?' (Size = 4000)"], CommandType='Text', CommandTimeout='30']"
""SELECT [t].[Id], [t].[AccountNumber], [t].[CurrentTotalAmount], [t].[TransactionAmount], [t].[TransactionDate], [t].[TransactionDescription], [t].[TransactionStatus], [t].[TransactionType]
FROM [Transactions] AS [t]
WHERE [t].[AccountNumber] = @__accountNumber_0"
[01:00:48 Microsoft.AspNetCore.Mvc.Infrastructure.ObjectResultExecutor [Information] Executing "OkObjectResult", writing value of type '"System.Collections.Generic.List`1[[Transactions.Core.Models.Transaction, Transactions.Core, Version=1.0.0.0, Culture=neutral, PublicKeyToken=null]]"'.
[01:00:48 Microsoft.AspNetCore.Mvc.Infrastructure.ControllerActionInvoker [Information] Executed action "Transactions.API.Controllers.TransactionsController.Get (Transactions.API)" in 22.8729ms
[01:00:48 Microsoft.AspNetCore.Routing.EndpointMiddleware [Information] Executed endpoint '"Transactions.API.Controllers.TransactionsController.Get (Transactions.API)"'
[01:00:48 Microsoft.AspNetCore.Hosting.Diagnostics [Information] Request finished HTTP/1.1 GET http://localhost:64332/api/Transactions/8966382431 - - - 200 - application/json;+charset=utf-8 28.1699ms
